Debugger: 0
*** glewInit ***
Sanity: 0x7f6cf158b060
***** Init *****
glGenBuffers: 1 0x7f6b88de15f8  ********
glGenBuffers: 1 0x7f6b88de1828  ********
glGenBuffers: 1 0x7f6b88de1648  ********
glGenBuffers: 1 0x7f6b88de1698  ********
glGenBuffers: 1 0x7f6b88de16e8  ********
glGenBuffers: 1 0x7f6b88de1738  ********
glGenBuffers: 1 0x7f6b88de1788  ********
glGenBuffers: 1 0x7f6b88de17d8  ********
glGenBuffers: 1 0x7f6b88de1918  ********
**********glBindVertexArray 1***********
glGenBuffers: 1 0x3625288  *************
**********glBindVertexArray 2***********
**********glBindVertexArray 2***********
glEnableVertexAttribArray: 
	index:0
glVertexAttribPointer: 
	index:0 
	size:4 
	type:5126 
	normalized:0 
	stride:0 
	pointer:0x0
**********glBindVertexArray 1***********
glGenBuffers: 1 0x3625638  *************
**********glBindVertexArray 3***********
**********glBindVertexArray 3***********
glEnableVertexAttribArray: 
	index:0
glVertexAttribPointer: 
	index:0 
	size:4 
	type:5126 
	normalized:0 
	stride:0 
	pointer:0x0
**********glBindVertexArray 1***********
glNamedBufferData: 10 64 0x7f6b88f28020 35040
00 00 00 00 00 00 00 00 00 00 00 00 00 00 00 00  (00000000 00000000 00000000 00000000 ) (0.00 0.00 0.00 0.00 )
00 00 a0 44 00 00 00 00 00 00 80 3f 00 00 00 00  (44a00000 00000000 3f800000 00000000 ) (1280.00 0.00 1.00 0.00 )
00 00 00 00 00 00 34 44 00 00 00 00 00 00 80 3f  (00000000 44340000 00000000 3f800000 ) (0.00 720.00 0.00 1.00 )
00 00 a0 44 00 00 34 44 00 00 80 3f 00 00 80 3f  (44a00000 44340000 3f800000 3f800000 ) (1280.00 720.00 1.00 1.00 )
**********glBindVertexArray 2***********
**********glBindVertexArray 1***********
glNamedBufferData: 10 64 0x7f6b88f281a0 35040
00 00 00 00 00 00 00 00 00 00 00 00 00 00 00 00  (00000000 00000000 00000000 00000000 ) (0.00 0.00 0.00 0.00 )
00 00 a0 44 00 00 00 00 00 00 80 3f 00 00 00 00  (44a00000 00000000 3f800000 00000000 ) (1280.00 0.00 1.00 0.00 )
00 00 00 00 00 00 34 44 00 00 00 00 00 00 80 3f  (00000000 44340000 00000000 3f800000 ) (0.00 720.00 0.00 1.00 )
00 00 a0 44 00 00 34 44 00 00 80 3f 00 00 80 3f  (44a00000 44340000 3f800000 3f800000 ) (1280.00 720.00 1.00 1.00 )
**********glBindVertexArray 2***********
**********glBindVertexArray 1***********
glNamedBufferData: 10 64 0x7f6b88f282b0 35040
00 00 b4 42 00 00 a7 43 00 00 00 00 00 00 00 00  (42b40000 43a70000 00000000 00000000 ) (90.00 334.00 0.00 0.00 )
00 c0 94 44 00 00 a7 43 00 00 80 3f 00 00 00 00  (4494c000 43a70000 3f800000 00000000 ) (1190.00 334.00 1.00 0.00 )
00 00 b4 42 00 00 bb 43 00 00 00 00 00 00 80 3f  (42b40000 43bb0000 00000000 3f800000 ) (90.00 374.00 0.00 1.00 )
00 c0 94 44 00 00 bb 43 00 00 80 3f 00 00 80 3f  (4494c000 43bb0000 3f800000 3f800000 ) (1190.00 374.00 1.00 1.00 )
**********glBindVertexArray 2***********
**********glBindVertexArray 1***********
glNamedBufferData: 10 3200 0x7f6b88f1fbb0 35040
a4 80 e8 43 00 e0 aa 43 00 00 73 3f 00 00 80 3a  (43e880a4 43aae000 3f730000 3a800000 ) (465.01 341.75 0.95 0.00 )
a4 80 ed 43 00 e0 aa 43 00 00 78 3f 00 00 80 3a  (43ed80a4 43aae000 3f780000 3a800000 ) (475.01 341.75 0.97 0.00 )
a4 80 e8 43 00 20 b2 43 00 00 73 3f 00 00 f0 3c  (43e880a4 43b22000 3f730000 3cf00000 ) (465.01 356.25 0.95 0.03 )
a4 80 ed 43 00 20 b2 43 00 00 78 3f 00 00 f0 3c  (43ed80a4 43b22000 3f780000 3cf00000 ) (475.01 356.25 0.97 0.03 )
6f 33 ee 43 00 60 ac 43 00 80 25 3f 00 00 1c 3d  (43ee336f 43ac6000 3f258000 3d1c0000 ) (476.40 344.75 0.65 0.04 )
6f b3 f1 43 00 60 ac 43 00 00 29 3f 00 00 1c 3d  (43f1b36f 43ac6000 3f290000 3d1c0000 ) (483.40 344.75 0.66 0.04 )
6f 33 ee 43 00 20 b2 43 00 80 25 3f 00 00 78 3d  (43ee336f 43b22000 3f258000 3d780000 ) (476.40 356.25 0.65 0.06 )
6f b3 f1 43 00 20 b2 43 00 00 29 3f 00 00 78 3d  (43f1b36f 43b22000 3f290000 3d780000 ) (483.40 356.25 0.66 0.06 )
02 d6 f1 43 00 60 ac 43 00 00 d3 3e 00 00 1c 3d  (43f1d602 43ac6000 3ed30000 3d1c0000 ) (483.67 344.75 0.41 0.04 )
02 16 f7 43 00 60 ac 43 00 80 dd 3e 00 00 1c 3d  (43f71602 43ac6000 3edd8000 3d1c0000 ) (494.17 344.75 0.43 0.04 )
02 d6 f1 43 00 60 b2 43 00 00 d3 3e 00 00 7c 3d  (43f1d602 43b26000 3ed30000 3d7c0000 ) (483.67 356.75 0.41 0.06 )
02 16 f7 43 00 60 b2 43 00 80 dd 3e 00 00 7c 3d  (43f71602 43b26000 3edd8000 3d7c0000 ) (494.17 356.75 0.43 0.06 )
55 e6 f7 43 00 a0 aa 43 00 c0 06 3f 00 00 1c 3d  (43f7e655 43aaa000 3f06c000 3d1c0000 ) (495.80 341.25 0.53 0.04 )
55 26 f9 43 00 a0 aa 43 00 00 08 3f 00 00 1c 3d  (43f92655 43aaa000 3f080000 3d1c0000 ) (498.30 341.25 0.53 0.04 )
55 e6 f7 43 00 20 b2 43 00 c0 06 3f 00 00 8a 3d  (43f7e655 43b22000 3f06c000 3d8a0000 ) (495.80 356.25 0.53 0.07 )
55 26 f9 43 00 20 b2 43 00 00 08 3f 00 00 8a 3d  (43f92655 43b22000 3f080000 3d8a0000 ) (498.30 356.25 0.53 0.07 )
70 46 fa 43 00 60 ac 43 00 80 15 3f 00 00 1c 3d  (43fa4670 43ac6000 3f158000 3d1c0000 ) (500.55 344.75 0.58 0.04 )
70 86 ff 43 00 60 ac 43 00 c0 1a 3f 00 00 1c 3d  (43ff8670 43ac6000 3f1ac000 3d1c0000 ) (511.05 344.75 0.60 0.04 )
70 46 fa 43 00 60 b2 43 00 80 15 3f 00 00 7c 3d  (43fa4670 43b26000 3f158000 3d7c0000 ) (500.55 356.75 0.58 0.06 )
70 86 ff 43 00 60 b2 43 00 c0 1a 3f 00 00 7c 3d  (43ff8670 43b26000 3f1ac000 3d7c0000 ) (511.05 356.75 0.60 0.06 )
3f 07 00 44 00 60 ac 43 00 80 aa 3e 00 00 1c 3d  (4400073f 43ac6000 3eaa8000 3d1c0000 ) (512.11 344.75 0.33 0.04 )
3f 67 02 44 00 60 ac 43 00 00 b4 3e 00 00 1c 3d  (4402673f 43ac6000 3eb40000 3d1c0000 ) (521.61 344.75 0.35 0.04 )
3f 07 00 44 00 60 b2 43 00 80 aa 3e 00 00 7c 3d  (4400073f 43b26000 3eaa8000 3d7c0000 ) (512.11 356.75 0.33 0.06 )
3f 67 02 44 00 60 b2 43 00 00 b4 3e 00 00 7c 3d  (4402673f 43b26000 3eb40000 3d7c0000 ) (521.61 356.75 0.35 0.06 )
74 ec 02 44 00 a0 aa 43 00 80 c8 3e 00 00 1c 3d  (4402ec74 43aaa000 3ec88000 3d1c0000 ) (523.69 341.25 0.39 0.04 )
74 6c 05 44 00 a0 aa 43 00 80 d2 3e 00 00 1c 3d  (44056c74 43aaa000 3ed28000 3d1c0000 ) (533.69 341.25 0.41 0.04 )
74 ec 02 44 00 60 b2 43 00 80 c8 3e 00 00 8c 3d  (4402ec74 43b26000 3ec88000 3d8c0000 ) (523.69 356.75 0.39 0.07 )
74 6c 05 44 00 60 b2 43 00 80 d2 3e 00 00 8c 3d  (44056c74 43b26000 3ed28000 3d8c0000 ) (533.69 356.75 0.41 0.07 )
3e 0c 06 44 00 a0 aa 43 00 00 fb 3e 00 00 1c 3d  (44060c3e 43aaa000 3efb0000 3d1c0000 ) (536.19 341.25 0.49 0.04 )
3e ac 06 44 00 a0 aa 43 00 80 fd 3e 00 00 1c 3d  (4406ac3e 43aaa000 3efd8000 3d1c0000 ) (538.69 341.25 0.50 0.04 )
3e 0c 06 44 00 20 b2 43 00 00 fb 3e 00 00 8a 3d  (44060c3e 43b22000 3efb0000 3d8a0000 ) (536.19 356.25 0.49 0.07 )
3e ac 06 44 00 20 b2 43 00 80 fd 3e 00 00 8a 3d  (4406ac3e 43b22000 3efd8000 3d8a0000 ) (538.69 356.25 0.50 0.07 )
4b 5c 07 44 00 60 ac 43 00 80 10 3f 00 00 1c 3d  (44075c4b 43ac6000 3f108000 3d1c0000 ) (541.44 344.75 0.56 0.04 )
4b bc 09 44 00 60 ac 43 00 40 15 3f 00 00 1c 3d  (4409bc4b 43ac6000 3f154000 3d1c0000 ) (550.94 344.75 0.58 0.04 )
4b 5c 07 44 00 20 b2 43 00 80 10 3f 00 00 78 3d  (44075c4b 43b22000 3f108000 3d780000 ) (541.44 356.25 0.56 0.06 )
4b bc 09 44 00 20 b2 43 00 40 15 3f 00 00 78 3d  (4409bc4b 43b22000 3f154000 3d780000 ) (550.94 356.25 0.58 0.06 )
e6 3a 0a 44 00 60 ac 43 00 80 e6 3e 00 00 1c 3d  (440a3ae6 43ac6000 3ee68000 3d1c0000 ) (552.92 344.75 0.45 0.04 )
e6 ba 0c 44 00 60 ac 43 00 80 f0 3e 00 00 1c 3d  (440cbae6 43ac6000 3ef08000 3d1c0000 ) (562.92 344.75 0.47 0.04 )
e6 3a 0a 44 00 20 b4 43 00 80 e6 3e 00 00 8c 3d  (440a3ae6 43b42000 3ee68000 3d8c0000 ) (552.92 360.25 0.45 0.07 )
e6 ba 0c 44 00 20 b4 43 00 80 f0 3e 00 00 8c 3d  (440cbae6 43b42000 3ef08000 3d8c0000 ) (562.92 360.25 0.47 0.07 )
af fa 0c 44 00 e0 b1 43 00 00 b8 3c 00 00 80 3a  (440cfaaf 43b1e000 3cb80000 3a800000 ) (563.92 355.75 0.02 0.00 )
af 1a 0d 44 00 e0 b1 43 00 00 c0 3c 00 00 80 3a  (440d1aaf 43b1e000 3cc00000 3a800000 ) (564.42 355.75 0.02 0.00 )
af fa 0c 44 00 20 b2 43 00 00 b8 3c 00 00 00 3b  (440cfaaf 43b22000 3cb80000 3b000000 ) (563.92 356.25 0.02 0.00 )
af 1a 0d 44 00 20 b2 43 00 00 c0 3c 00 00 00 3b  (440d1aaf 43b22000 3cc00000 3b000000 ) (564.42 356.25 0.02 0.00 )
2a bb 0e 44 00 60 ac 43 00 00 bf 3e 00 00 1c 3d  (440ebb2a 43ac6000 3ebf0000 3d1c0000 ) (570.92 344.75 0.37 0.04 )
2a fb 10 44 00 60 ac 43 00 00 c8 3e 00 00 1c 3d  (4410fb2a 43ac6000 3ec80000 3d1c0000 ) (579.92 344.75 0.39 0.04 )
2a bb 0e 44 00 60 b2 43 00 00 bf 3e 00 00 7c 3d  (440ebb2a 43b26000 3ebf0000 3d7c0000 ) (570.92 356.75 0.37 0.06 )
2a fb 10 44 00 60 b2 43 00 00 c8 3e 00 00 7c 3d  (4410fb2a 43b26000 3ec80000 3d7c0000 ) (579.92 356.75 0.39 0.06 )
30 54 11 44 00 60 ac 43 00 80 aa 3e 00 00 1c 3d  (44115430 43ac6000 3eaa8000 3d1c0000 ) (581.32 344.75 0.33 0.04 )
30 b4 13 44 00 60 ac 43 00 00 b4 3e 00 00 1c 3d  (4413b430 43ac6000 3eb40000 3d1c0000 ) (590.82 344.75 0.35 0.04 )
30 54 11 44 00 60 b2 43 00 80 aa 3e 00 00 7c 3d  (44115430 43b26000 3eaa8000 3d7c0000 ) (581.32 356.75 0.33 0.06 )
30 b4 13 44 00 60 b2 43 00 00 b4 3e 00 00 7c 3d  (4413b430 43b26000 3eb40000 3d7c0000 ) (590.82 356.75 0.35 0.06 )
65 39 14 44 00 60 ac 43 00 00 bf 3e 00 00 1c 3d  (44143965 43ac6000 3ebf0000 3d1c0000 ) (592.90 344.75 0.37 0.04 )
65 79 16 44 00 60 ac 43 00 00 c8 3e 00 00 1c 3d  (44167965 43ac6000 3ec80000 3d1c0000 ) (601.90 344.75 0.39 0.04 )
65 39 14 44 00 60 b2 43 00 00 bf 3e 00 00 7c 3d  (44143965 43b26000 3ebf0000 3d7c0000 ) (592.90 356.75 0.37 0.06 )
65 79 16 44 00 60 b2 43 00 00 c8 3e 00 00 7c 3d  (44167965 43b26000 3ec80000 3d7c0000 ) (601.90 356.75 0.39 0.06 )
6a f2 16 44 00 a0 aa 43 00 00 f1 3e 00 00 1c 3d  (4416f26a 43aaa000 3ef10000 3d1c0000 ) (603.79 341.25 0.47 0.04 )
6a 52 19 44 00 a0 aa 43 00 80 fa 3e 00 00 1c 3d  (4419526a 43aaa000 3efa8000 3d1c0000 ) (613.29 341.25 0.49 0.04 )
6a f2 16 44 00 20 b2 43 00 00 f1 3e 00 00 8a 3d  (4416f26a 43b22000 3ef10000 3d8a0000 ) (603.79 356.25 0.47 0.07 )
6a 52 19 44 00 20 b2 43 00 80 fa 3e 00 00 8a 3d  (4419526a 43b22000 3efa8000 3d8a0000 ) (613.29 356.25 0.49 0.07 )
05 d1 19 44 00 60 ac 43 00 00 d3 3e 00 00 1c 3d  (4419d105 43ac6000 3ed30000 3d1c0000 ) (615.27 344.75 0.41 0.04 )
05 71 1c 44 00 60 ac 43 00 80 dd 3e 00 00 1c 3d  (441c7105 43ac6000 3edd8000 3d1c0000 ) (625.77 344.75 0.43 0.04 )
05 d1 19 44 00 60 b2 43 00 00 d3 3e 00 00 7c 3d  (4419d105 43b26000 3ed30000 3d7c0000 ) (615.27 356.75 0.41 0.06 )
05 71 1c 44 00 60 b2 43 00 80 dd 3e 00 00 7c 3d  (441c7105 43b26000 3edd8000 3d7c0000 ) (625.77 356.75 0.43 0.06 )
2e b9 1c 44 00 a0 aa 43 00 80 c8 3e 00 00 1c 3d  (441cb92e 43aaa000 3ec88000 3d1c0000 ) (626.89 341.25 0.39 0.04 )
2e 39 1f 44 00 a0 aa 43 00 80 d2 3e 00 00 1c 3d  (441f392e 43aaa000 3ed28000 3d1c0000 ) (636.89 341.25 0.41 0.04 )
2e b9 1c 44 00 60 b2 43 00 80 c8 3e 00 00 8c 3d  (441cb92e 43b26000 3ec88000 3d8c0000 ) (626.89 356.75 0.39 0.07 )
2e 39 1f 44 00 60 b2 43 00 80 d2 3e 00 00 8c 3d  (441f392e 43b26000 3ed28000 3d8c0000 ) (636.89 356.75 0.41 0.07 )
f7 78 1f 44 00 e0 b1 43 00 00 b8 3c 00 00 80 3a  (441f78f7 43b1e000 3cb80000 3a800000 ) (637.89 355.75 0.02 0.00 )
f7 98 1f 44 00 e0 b1 43 00 00 c0 3c 00 00 80 3a  (441f98f7 43b1e000 3cc00000 3a800000 ) (638.39 355.75 0.02 0.00 )
f7 78 1f 44 00 20 b2 43 00 00 b8 3c 00 00 00 3b  (441f78f7 43b22000 3cb80000 3b000000 ) (637.89 356.25 0.02 0.00 )
f7 98 1f 44 00 20 b2 43 00 00 c0 3c 00 00 00 3b  (441f98f7 43b22000 3cc00000 3b000000 ) (638.39 356.25 0.02 0.00 )
73 39 21 44 00 60 ac 43 00 40 29 3f 00 00 1c 3d  (44213973 43ac6000 3f294000 3d1c0000 ) (644.90 344.75 0.66 0.04 )
73 59 23 44 00 60 ac 43 00 80 2d 3f 00 00 1c 3d  (44235973 43ac6000 3f2d8000 3d1c0000 ) (653.40 344.75 0.68 0.04 )
73 39 21 44 00 60 b2 43 00 40 29 3f 00 00 7c 3d  (44213973 43b26000 3f294000 3d7c0000 ) (644.90 356.75 0.66 0.06 )
73 59 23 44 00 60 b2 43 00 80 2d 3f 00 00 7c 3d  (44235973 43b26000 3f2d8000 3d7c0000 ) (653.40 356.75 0.68 0.06 )
a0 cf 23 44 00 a0 aa 43 00 00 f1 3e 00 00 1c 3d  (4423cfa0 43aaa000 3ef10000 3d1c0000 ) (655.24 341.25 0.47 0.04 )
a0 2f 26 44 00 a0 aa 43 00 80 fa 3e 00 00 1c 3d  (44262fa0 43aaa000 3efa8000 3d1c0000 ) (664.74 341.25 0.49 0.04 )
a0 cf 23 44 00 20 b2 43 00 00 f1 3e 00 00 8a 3d  (4423cfa0 43b22000 3ef10000 3d8a0000 ) (655.24 356.25 0.47 0.07 )
a0 2f 26 44 00 20 b2 43 00 80 fa 3e 00 00 8a 3d  (44262fa0 43b22000 3efa8000 3d8a0000 ) (664.74 356.25 0.49 0.07 )
3a ae 26 44 00 60 ac 43 00 80 aa 3e 00 00 1c 3d  (4426ae3a 43ac6000 3eaa8000 3d1c0000 ) (666.72 344.75 0.33 0.04 )
3a 0e 29 44 00 60 ac 43 00 00 b4 3e 00 00 1c 3d  (44290e3a 43ac6000 3eb40000 3d1c0000 ) (676.22 344.75 0.35 0.04 )
3a ae 26 44 00 60 b2 43 00 80 aa 3e 00 00 7c 3d  (4426ae3a 43b26000 3eaa8000 3d7c0000 ) (666.72 356.75 0.33 0.06 )
3a 0e 29 44 00 60 b2 43 00 00 b4 3e 00 00 7c 3d  (44290e3a 43b26000 3eb40000 3d7c0000 ) (676.22 356.75 0.35 0.06 )
70 93 29 44 00 a0 aa 43 00 80 c8 3e 00 00 1c 3d  (44299370 43aaa000 3ec88000 3d1c0000 ) (678.30 341.25 0.39 0.04 )
70 13 2c 44 00 a0 aa 43 00 80 d2 3e 00 00 1c 3d  (442c1370 43aaa000 3ed28000 3d1c0000 ) (688.30 341.25 0.41 0.04 )
70 93 29 44 00 60 b2 43 00 80 c8 3e 00 00 8c 3d  (44299370 43b26000 3ec88000 3d8c0000 ) (678.30 356.75 0.39 0.07 )
70 13 2c 44 00 60 b2 43 00 80 d2 3e 00 00 8c 3d  (442c1370 43b26000 3ed28000 3d8c0000 ) (688.30 356.75 0.41 0.07 )
39 93 2c 44 00 60 ac 43 00 00 d3 3e 00 00 1c 3d  (442c9339 43ac6000 3ed30000 3d1c0000 ) (690.30 344.75 0.41 0.04 )
39 33 2f 44 00 60 ac 43 00 80 dd 3e 00 00 1c 3d  (442f3339 43ac6000 3edd8000 3d1c0000 ) (700.80 344.75 0.43 0.04 )
39 93 2c 44 00 60 b2 43 00 00 d3 3e 00 00 7c 3d  (442c9339 43b26000 3ed30000 3d7c0000 ) (690.30 356.75 0.41 0.06 )
39 33 2f 44 00 60 b2 43 00 80 dd 3e 00 00 7c 3d  (442f3339 43b26000 3edd8000 3d7c0000 ) (700.80 356.75 0.43 0.06 )
62 9b 2f 44 00 60 ac 43 00 80 25 3f 00 00 1c 3d  (442f9b62 43ac6000 3f258000 3d1c0000 ) (702.43 344.75 0.65 0.04 )
62 5b 31 44 00 60 ac 43 00 00 29 3f 00 00 1c 3d  (44315b62 43ac6000 3f290000 3d1c0000 ) (709.43 344.75 0.66 0.04 )
62 9b 2f 44 00 20 b2 43 00 80 25 3f 00 00 78 3d  (442f9b62 43b22000 3f258000 3d780000 ) (702.43 356.25 0.65 0.06 )
62 5b 31 44 00 20 b2 43 00 00 29 3f 00 00 78 3d  (44315b62 43b22000 3f290000 3d780000 ) (709.43 356.25 0.66 0.06 )
ac 6c 31 44 00 60 ac 43 00 40 29 3f 00 00 1c 3d  (44316cac 43ac6000 3f294000 3d1c0000 ) (709.70 344.75 0.66 0.04 )
ac 8c 33 44 00 60 ac 43 00 80 2d 3f 00 00 1c 3d  (44338cac 43ac6000 3f2d8000 3d1c0000 ) (718.20 344.75 0.68 0.04 )
ac 6c 31 44 00 60 b2 43 00 40 29 3f 00 00 7c 3d  (44316cac 43b26000 3f294000 3d7c0000 ) (709.70 356.75 0.66 0.06 )
ac 8c 33 44 00 60 b2 43 00 80 2d 3f 00 00 7c 3d  (44338cac 43b26000 3f2d8000 3d7c0000 ) (718.20 356.75 0.68 0.06 )
d9 a2 33 44 00 e0 b1 43 00 00 b8 3c 00 00 80 3a  (4433a2d9 43b1e000 3cb80000 3a800000 ) (718.54 355.75 0.02 0.00 )
d9 c2 33 44 00 e0 b1 43 00 00 c0 3c 00 00 80 3a  (4433c2d9 43b1e000 3cc00000 3a800000 ) (719.04 355.75 0.02 0.00 )
d9 a2 33 44 00 20 b2 43 00 00 b8 3c 00 00 00 3b  (4433a2d9 43b22000 3cb80000 3b000000 ) (718.54 356.25 0.02 0.00 )
d9 c2 33 44 00 20 b2 43 00 00 c0 3c 00 00 00 3b  (4433c2d9 43b22000 3cc00000 3b000000 ) (719.04 356.25 0.02 0.00 )
54 23 35 44 00 a0 aa 43 00 00 de 3e 00 00 1c 3d  (44352354 43aaa000 3ede0000 3d1c0000 ) (724.55 341.25 0.43 0.04 )
54 23 37 44 00 a0 aa 43 00 00 e6 3e 00 00 1c 3d  (44372354 43aaa000 3ee60000 3d1c0000 ) (732.55 341.25 0.45 0.04 )
54 23 35 44 00 20 b2 43 00 00 de 3e 00 00 8a 3d  (44352354 43b22000 3ede0000 3d8a0000 ) (724.55 356.25 0.43 0.07 )
54 23 37 44 00 20 b2 43 00 00 e6 3e 00 00 8a 3d  (44372354 43b22000 3ee60000 3d8a0000 ) (732.55 356.25 0.45 0.07 )
28 2d 37 44 00 60 ac 43 00 80 25 3f 00 00 1c 3d  (44372d28 43ac6000 3f258000 3d1c0000 ) (732.71 344.75 0.65 0.04 )
28 ed 38 44 00 60 ac 43 00 00 29 3f 00 00 1c 3d  (4438ed28 43ac6000 3f290000 3d1c0000 ) (739.71 344.75 0.66 0.04 )
28 2d 37 44 00 20 b2 43 00 80 25 3f 00 00 78 3d  (44372d28 43b22000 3f258000 3d780000 ) (732.71 356.25 0.65 0.06 )
28 ed 38 44 00 20 b2 43 00 00 29 3f 00 00 78 3d  (4438ed28 43b22000 3f290000 3d780000 ) (739.71 356.25 0.66 0.06 )
72 fe 38 44 00 60 ac 43 00 80 15 3f 00 00 1c 3d  (4438fe72 43ac6000 3f158000 3d1c0000 ) (739.98 344.75 0.58 0.04 )
72 9e 3b 44 00 60 ac 43 00 c0 1a 3f 00 00 1c 3d  (443b9e72 43ac6000 3f1ac000 3d1c0000 ) (750.48 344.75 0.60 0.04 )
72 fe 38 44 00 60 b2 43 00 80 15 3f 00 00 7c 3d  (4438fe72 43b26000 3f158000 3d7c0000 ) (739.98 356.75 0.58 0.06 )
72 9e 3b 44 00 60 b2 43 00 c0 1a 3f 00 00 7c 3d  (443b9e72 43b26000 3f1ac000 3d7c0000 ) (750.48 356.75 0.60 0.06 )
79 02 3c 44 00 60 ac 43 00 40 08 3f 00 00 1c 3d  (443c0279 43ac6000 3f084000 3d1c0000 ) (752.04 344.75 0.53 0.04 )
79 02 40 44 00 60 ac 43 00 40 10 3f 00 00 1c 3d  (44400279 43ac6000 3f104000 3d1c0000 ) (768.04 344.75 0.56 0.04 )
79 02 3c 44 00 20 b2 43 00 40 08 3f 00 00 78 3d  (443c0279 43b22000 3f084000 3d780000 ) (752.04 356.25 0.53 0.06 )
79 02 40 44 00 20 b2 43 00 40 10 3f 00 00 78 3d  (44400279 43b22000 3f104000 3d780000 ) (768.04 356.25 0.56 0.06 )
ba 3c 40 44 00 e0 b1 43 00 00 b8 3c 00 00 80 3a  (44403cba 43b1e000 3cb80000 3a800000 ) (768.95 355.75 0.02 0.00 )
ba 5c 40 44 00 e0 b1 43 00 00 c0 3c 00 00 80 3a  (44405cba 43b1e000 3cc00000 3a800000 ) (769.45 355.75 0.02 0.00 )
ba 3c 40 44 00 20 b2 43 00 00 b8 3c 00 00 00 3b  (44403cba 43b22000 3cb80000 3b000000 ) (768.95 356.25 0.02 0.00 )
ba 5c 40 44 00 20 b2 43 00 00 c0 3c 00 00 00 3b  (44405cba 43b22000 3cc00000 3b000000 ) (769.45 356.25 0.02 0.00 )
36 fd 41 44 00 a0 aa 43 00 80 c8 3e 00 00 1c 3d  (4441fd36 43aaa000 3ec88000 3d1c0000 ) (775.96 341.25 0.39 0.04 )
36 7d 44 44 00 a0 aa 43 00 80 d2 3e 00 00 1c 3d  (44447d36 43aaa000 3ed28000 3d1c0000 ) (785.96 341.25 0.41 0.04 )
36 fd 41 44 00 60 b2 43 00 80 c8 3e 00 00 8c 3d  (4441fd36 43b26000 3ec88000 3d8c0000 ) (775.96 356.75 0.39 0.07 )
36 7d 44 44 00 60 b2 43 00 80 d2 3e 00 00 8c 3d  (44447d36 43b26000 3ed28000 3d8c0000 ) (785.96 356.75 0.41 0.07 )
ff 1c 45 44 00 a0 aa 43 00 00 fb 3e 00 00 1c 3d  (44451cff 43aaa000 3efb0000 3d1c0000 ) (788.45 341.25 0.49 0.04 )
ff bc 45 44 00 a0 aa 43 00 80 fd 3e 00 00 1c 3d  (4445bcff 43aaa000 3efd8000 3d1c0000 ) (790.95 341.25 0.50 0.04 )
ff 1c 45 44 00 20 b2 43 00 00 fb 3e 00 00 8a 3d  (44451cff 43b22000 3efb0000 3d8a0000 ) (788.45 356.25 0.49 0.07 )
ff bc 45 44 00 20 b2 43 00 80 fd 3e 00 00 8a 3d  (4445bcff 43b22000 3efd8000 3d8a0000 ) (790.95 356.25 0.50 0.07 )
0c 4d 46 44 00 60 ac 43 00 40 29 3f 00 00 1c 3d  (44464d0c 43ac6000 3f294000 3d1c0000 ) (793.20 344.75 0.66 0.04 )
0c 6d 48 44 00 60 ac 43 00 80 2d 3f 00 00 1c 3d  (44486d0c 43ac6000 3f2d8000 3d1c0000 ) (801.70 344.75 0.68 0.04 )
0c 4d 46 44 00 60 b2 43 00 40 29 3f 00 00 7c 3d  (44464d0c 43b26000 3f294000 3d7c0000 ) (793.20 356.75 0.66 0.06 )
0c 6d 48 44 00 60 b2 43 00 80 2d 3f 00 00 7c 3d  (44486d0c 43b26000 3f2d8000 3d7c0000 ) (801.70 356.75 0.68 0.06 )
39 e3 48 44 00 a0 aa 43 00 80 01 3f 00 00 1c 3d  (4448e339 43aaa000 3f018000 3d1c0000 ) (803.55 341.25 0.51 0.04 )
39 63 4b 44 00 a0 aa 43 00 80 06 3f 00 00 1c 3d  (444b6339 43aaa000 3f068000 3d1c0000 ) (813.55 341.25 0.53 0.04 )
39 e3 48 44 00 20 b2 43 00 80 01 3f 00 00 8a 3d  (4448e339 43b22000 3f018000 3d8a0000 ) (803.55 356.25 0.51 0.07 )
39 63 4b 44 00 20 b2 43 00 80 06 3f 00 00 8a 3d  (444b6339 43b22000 3f068000 3d8a0000 ) (813.55 356.25 0.53 0.07 )
ae bf 4b 44 00 a0 b0 43 00 00 7c 3e 00 00 80 3a  (444bbfae 43b0a000 3e7c0000 3a800000 ) (814.99 353.25 0.25 0.00 )
ae 5f 4c 44 00 a0 b0 43 00 80 80 3e 00 00 80 3a  (444c5fae 43b0a000 3e808000 3a800000 ) (817.49 353.25 0.25 0.00 )
ae bf 4b 44 00 20 b2 43 00 00 7c 3e 00 00 e0 3b  (444bbfae 43b22000 3e7c0000 3be00000 ) (814.99 356.25 0.25 0.01 )
ae 5f 4c 44 00 20 b2 43 00 80 80 3e 00 00 e0 3b  (444c5fae 43b22000 3e808000 3be00000 ) (817.49 356.25 0.25 0.01 )
4f 0e 11 44 00 e0 b6 43 00 00 73 3f 00 00 80 3a  (44110e4f 43b6e000 3f730000 3a800000 ) (580.22 365.75 0.95 0.00 )
4f 8e 13 44 00 e0 b6 43 00 00 78 3f 00 00 80 3a  (44138e4f 43b6e000 3f780000 3a800000 ) (590.22 365.75 0.97 0.00 )
4f 0e 11 44 00 20 be 43 00 00 73 3f 00 00 f0 3c  (44110e4f 43be2000 3f730000 3cf00000 ) (580.22 380.25 0.95 0.03 )
4f 8e 13 44 00 20 be 43 00 00 78 3f 00 00 f0 3c  (44138e4f 43be2000 3f780000 3cf00000 ) (590.22 380.25 0.97 0.03 )
b4 e7 13 44 00 a0 b6 43 00 c0 06 3f 00 00 1c 3d  (4413e7b4 43b6a000 3f06c000 3d1c0000 ) (591.62 365.25 0.53 0.04 )
b4 87 14 44 00 a0 b6 43 00 00 08 3f 00 00 1c 3d  (441487b4 43b6a000 3f080000 3d1c0000 ) (594.12 365.25 0.53 0.04 )
b4 e7 13 44 00 20 be 43 00 c0 06 3f 00 00 8a 3d  (4413e7b4 43be2000 3f06c000 3d8a0000 ) (591.62 380.25 0.53 0.07 )
b4 87 14 44 00 20 be 43 00 00 08 3f 00 00 8a 3d  (441487b4 43be2000 3f080000 3d8a0000 ) (594.12 380.25 0.53 0.07 )
c2 17 15 44 00 60 b8 43 00 00 d3 3e 00 00 1c 3d  (441517c2 43b86000 3ed30000 3d1c0000 ) (596.37 368.75 0.41 0.04 )
c2 b7 17 44 00 60 b8 43 00 80 dd 3e 00 00 1c 3d  (4417b7c2 43b86000 3edd8000 3d1c0000 ) (606.87 368.75 0.43 0.04 )
c2 17 15 44 00 60 be 43 00 00 d3 3e 00 00 7c 3d  (441517c2 43be6000 3ed30000 3d7c0000 ) (596.37 380.75 0.41 0.06 )
c2 b7 17 44 00 60 be 43 00 80 dd 3e 00 00 7c 3d  (4417b7c2 43be6000 3edd8000 3d7c0000 ) (606.87 380.75 0.43 0.06 )
eb ff 17 44 00 60 b8 43 00 80 aa 3e 00 00 1c 3d  (4417ffeb 43b86000 3eaa8000 3d1c0000 ) (608.00 368.75 0.33 0.04 )
eb 5f 1a 44 00 60 b8 43 00 00 b4 3e 00 00 1c 3d  (441a5feb 43b86000 3eb40000 3d1c0000 ) (617.50 368.75 0.35 0.04 )
eb ff 17 44 00 60 be 43 00 80 aa 3e 00 00 7c 3d  (4417ffeb 43be6000 3eaa8000 3d7c0000 ) (608.00 380.75 0.33 0.06 )
eb 5f 1a 44 00 60 be 43 00 00 b4 3e 00 00 7c 3d  (441a5feb 43be6000 3eb40000 3d7c0000 ) (617.50 380.75 0.35 0.06 )
20 e5 1a 44 00 60 b8 43 00 40 29 3f 00 00 1c 3d  (441ae520 43b86000 3f294000 3d1c0000 ) (619.58 368.75 0.66 0.04 )
20 05 1d 44 00 60 b8 43 00 80 2d 3f 00 00 1c 3d  (441d0520 43b86000 3f2d8000 3d1c0000 ) (628.08 368.75 0.68 0.04 )
20 e5 1a 44 00 60 be 43 00 40 29 3f 00 00 7c 3d  (441ae520 43be6000 3f294000 3d7c0000 ) (619.58 380.75 0.66 0.06 )
20 05 1d 44 00 60 be 43 00 80 2d 3f 00 00 7c 3d  (441d0520 43be6000 3f2d8000 3d7c0000 ) (628.08 380.75 0.68 0.06 )
4d 5b 1d 44 00 60 b8 43 00 00 d3 3e 00 00 1c 3d  (441d5b4d 43b86000 3ed30000 3d1c0000 ) (629.43 368.75 0.41 0.04 )
4d fb 1f 44 00 60 b8 43 00 80 dd 3e 00 00 1c 3d  (441ffb4d 43b86000 3edd8000 3d1c0000 ) (639.93 368.75 0.43 0.04 )
4d 5b 1d 44 00 60 be 43 00 00 d3 3e 00 00 7c 3d  (441d5b4d 43be6000 3ed30000 3d7c0000 ) (629.43 380.75 0.41 0.06 )
4d fb 1f 44 00 60 be 43 00 80 dd 3e 00 00 7c 3d  (441ffb4d 43be6000 3edd8000 3d7c0000 ) (639.93 380.75 0.43 0.06 )
76 03 20 44 00 e0 bd 43 00 00 b8 3c 00 00 80 3a  (44200376 43bde000 3cb80000 3a800000 ) (640.05 379.75 0.02 0.00 )
76 23 20 44 00 e0 bd 43 00 00 c0 3c 00 00 80 3a  (44202376 43bde000 3cc00000 3a800000 ) (640.55 379.75 0.02 0.00 )
76 03 20 44 00 20 be 43 00 00 b8 3c 00 00 00 3b  (44200376 43be2000 3cb80000 3b000000 ) (640.05 380.25 0.02 0.00 )
76 23 20 44 00 20 be 43 00 00 c0 3c 00 00 00 3b  (44202376 43be2000 3cc00000 3b000000 ) (640.55 380.25 0.02 0.00 )
f2 a3 21 44 00 a0 b8 43 00 40 3c 3f 00 00 1c 3d  (4421a3f2 43b8a000 3f3c4000 3d1c0000 ) (646.56 369.25 0.74 0.04 )
f2 63 25 44 00 a0 b8 43 00 c0 43 3f 00 00 1c 3d  (442563f2 43b8a000 3f43c000 3d1c0000 ) (661.56 369.25 0.76 0.04 )
f2 a3 21 44 00 20 be 43 00 40 3c 3f 00 00 74 3d  (4421a3f2 43be2000 3f3c4000 3d740000 ) (646.56 380.25 0.74 0.06 )
f2 63 25 44 00 20 be 43 00 c0 43 3f 00 00 74 3d  (442563f2 43be2000 3f43c000 3d740000 ) (661.56 380.25 0.76 0.06 )
35 a1 25 44 00 60 b8 43 00 80 aa 3e 00 00 1c 3d  (4425a135 43b86000 3eaa8000 3d1c0000 ) (662.52 368.75 0.33 0.04 )
35 01 28 44 00 60 b8 43 00 00 b4 3e 00 00 1c 3d  (44280135 43b86000 3eb40000 3d1c0000 ) (672.02 368.75 0.35 0.04 )
35 a1 25 44 00 60 be 43 00 80 aa 3e 00 00 7c 3d  (4425a135 43be6000 3eaa8000 3d7c0000 ) (662.52 380.75 0.33 0.06 )
35 01 28 44 00 60 be 43 00 00 b4 3e 00 00 7c 3d  (44280135 43be6000 3eb40000 3d7c0000 ) (672.02 380.75 0.35 0.06 )
6a a6 28 44 00 a0 b6 43 00 00 fb 3e 00 00 1c 3d  (4428a66a 43b6a000 3efb0000 3d1c0000 ) (674.60 365.25 0.49 0.04 )
6a 46 29 44 00 a0 b6 43 00 80 fd 3e 00 00 1c 3d  (4429466a 43b6a000 3efd8000 3d1c0000 ) (677.10 365.25 0.50 0.04 )
6a a6 28 44 00 20 be 43 00 00 fb 3e 00 00 8a 3d  (4428a66a 43be2000 3efb0000 3d8a0000 ) (674.60 380.25 0.49 0.07 )
6a 46 29 44 00 20 be 43 00 80 fd 3e 00 00 8a 3d  (4429466a 43be2000 3efd8000 3d8a0000 ) (677.10 380.25 0.50 0.07 )
78 b6 29 44 00 20 b7 43 00 c0 2d 3f 00 00 1c 3d  (4429b678 43b72000 3f2dc000 3d1c0000 ) (678.85 366.25 0.68 0.04 )
78 76 2b 44 00 20 b7 43 00 40 31 3f 00 00 1c 3d  (442b7678 43b72000 3f314000 3d1c0000 ) (685.85 366.25 0.69 0.04 )
78 b6 29 44 00 20 be 43 00 c0 2d 3f 00 00 86 3d  (4429b678 43be2000 3f2dc000 3d860000 ) (678.85 380.25 0.68 0.07 )
78 76 2b 44 00 20 be 43 00 40 31 3f 00 00 86 3d  (442b7678 43be2000 3f314000 3d860000 ) (685.85 380.25 0.69 0.07 )
ba f0 2b 44 00 a0 bc 43 00 00 7c 3e 00 00 80 3a  (442bf0ba 43bca000 3e7c0000 3a800000 ) (687.76 377.25 0.25 0.00 )
ba 90 2c 44 00 a0 bc 43 00 80 80 3e 00 00 80 3a  (442c90ba 43bca000 3e808000 3a800000 ) (690.26 377.25 0.25 0.00 )
ba f0 2b 44 00 20 be 43 00 00 7c 3e 00 00 e0 3b  (442bf0ba 43be2000 3e7c0000 3be00000 ) (687.76 380.25 0.25 0.01 )
ba 90 2c 44 00 20 be 43 00 80 80 3e 00 00 e0 3b  (442c90ba 43be2000 3e808000 3be00000 ) (690.26 380.25 0.25 0.01 )
35 71 2d 44 00 a0 bc 43 00 00 7c 3e 00 00 80 3a  (442d7135 43bca000 3e7c0000 3a800000 ) (693.77 377.25 0.25 0.00 )
35 11 2e 44 00 a0 bc 43 00 80 80 3e 00 00 80 3a  (442e1135 43bca000 3e808000 3a800000 ) (696.27 377.25 0.25 0.00 )
35 71 2d 44 00 20 be 43 00 00 7c 3e 00 00 e0 3b  (442d7135 43be2000 3e7c0000 3be00000 ) (693.77 380.25 0.25 0.01 )
35 11 2e 44 00 20 be 43 00 80 80 3e 00 00 e0 3b  (442e1135 43be2000 3e808000 3be00000 ) (696.27 380.25 0.25 0.01 )
b1 f1 2e 44 00 a0 bc 43 00 00 7c 3e 00 00 80 3a  (442ef1b1 43bca000 3e7c0000 3a800000 ) (699.78 377.25 0.25 0.00 )
b1 91 2f 44 00 a0 bc 43 00 80 80 3e 00 00 80 3a  (442f91b1 43bca000 3e808000 3a800000 ) (702.28 377.25 0.25 0.00 )
b1 f1 2e 44 00 20 be 43 00 00 7c 3e 00 00 e0 3b  (442ef1b1 43be2000 3e7c0000 3be00000 ) (699.78 380.25 0.25 0.01 )
b1 91 2f 44 00 20 be 43 00 80 80 3e 00 00 e0 3b  (442f91b1 43be2000 3e808000 3be00000 ) (702.28 380.25 0.25 0.01 )
**********glBindVertexArray 2***********
**********glBindVertexArray 1***********
glNamedBufferData: 10 64 0x7f6b88e0b4d0 35040
00 00 70 43 00 80 d4 43 00 00 00 00 00 00 00 00  (43700000 43d48000 00000000 00000000 ) (240.00 425.00 0.00 0.00 )
00 00 82 44 00 80 d4 43 00 00 80 3f 00 00 00 00  (44820000 43d48000 3f800000 00000000 ) (1040.00 425.00 1.00 0.00 )
00 00 70 43 00 80 d6 43 00 00 00 00 00 00 80 3f  (43700000 43d68000 00000000 3f800000 ) (240.00 429.00 0.00 1.00 )
00 00 82 44 00 80 d6 43 00 00 80 3f 00 00 80 3f  (44820000 43d68000 3f800000 3f800000 ) (1040.00 429.00 1.00 1.00 )
**********glBindVertexArray 2***********
**********glBindVertexArray 1***********
glNamedBufferData: 10 64 0x7f6b88e0b520 35040
00 00 70 43 00 00 ce 43 00 00 00 00 00 00 00 00  (43700000 43ce0000 00000000 00000000 ) (240.00 412.00 0.00 0.00 )
00 00 82 44 00 00 ce 43 00 00 80 3f 00 00 00 00  (44820000 43ce0000 3f800000 00000000 ) (1040.00 412.00 1.00 0.00 )
00 00 70 43 00 00 ce 43 00 00 00 00 00 00 80 3f  (43700000 43ce0000 00000000 3f800000 ) (240.00 412.00 0.00 1.00 )
00 00 82 44 00 00 ce 43 00 00 80 3f 00 00 80 3f  (44820000 43ce0000 3f800000 3f800000 ) (1040.00 412.00 1.00 1.00 )
**********glBindVertexArray 2***********
**********glBindVertexArray 1***********
glNamedBufferData: 10 64 0x7f6b88f299e0 35040
00 00 70 43 00 80 d4 43 00 00 00 00 00 00 00 00  (43700000 43d48000 00000000 00000000 ) (240.00 425.00 0.00 0.00 )
00 00 70 43 00 80 d4 43 00 00 80 3f 00 00 00 00  (43700000 43d48000 3f800000 00000000 ) (240.00 425.00 1.00 0.00 )
00 00 70 43 00 80 d6 43 00 00 00 00 00 00 80 3f  (43700000 43d68000 00000000 3f800000 ) (240.00 429.00 0.00 1.00 )
00 00 70 43 00 80 d6 43 00 00 80 3f 00 00 80 3f  (43700000 43d68000 3f800000 3f800000 ) (240.00 429.00 1.00 1.00 )
**********glBindVertexArray 2***********
**********glBindVertexArray 1***********
glNamedBufferData: 10 64 0x7f6b88f28c30 35040
00 00 70 43 00 80 ed 43 00 00 00 00 00 00 00 00  (43700000 43ed8000 00000000 00000000 ) (240.00 475.00 0.00 0.00 )
00 00 82 44 00 80 ed 43 00 00 80 3f 00 00 00 00  (44820000 43ed8000 3f800000 00000000 ) (1040.00 475.00 1.00 0.00 )
00 00 70 43 00 80 ef 43 00 00 00 00 00 00 80 3f  (43700000 43ef8000 00000000 3f800000 ) (240.00 479.00 0.00 1.00 )
00 00 82 44 00 80 ef 43 00 00 80 3f 00 00 80 3f  (44820000 43ef8000 3f800000 3f800000 ) (1040.00 479.00 1.00 1.00 )
**********glBindVertexArray 2***********
**********glBindVertexArray 1***********
glNamedBufferData: 10 64 0x7f6b88f28c80 35040
00 00 70 43 00 00 e7 43 00 00 00 00 00 00 00 00  (43700000 43e70000 00000000 00000000 ) (240.00 462.00 0.00 0.00 )
00 00 82 44 00 00 e7 43 00 00 80 3f 00 00 00 00  (44820000 43e70000 3f800000 00000000 ) (1040.00 462.00 1.00 0.00 )
00 00 70 43 00 00 e7 43 00 00 00 00 00 00 80 3f  (43700000 43e70000 00000000 3f800000 ) (240.00 462.00 0.00 1.00 )
00 00 82 44 00 00 e7 43 00 00 80 3f 00 00 80 3f  (44820000 43e70000 3f800000 3f800000 ) (1040.00 462.00 1.00 1.00 )
**********glBindVertexArray 2***********
**********glBindVertexArray 1***********
glNamedBufferData: 10 64 0x7f6b88f28cd0 35040
00 00 70 43 00 80 ed 43 00 00 00 00 00 00 00 00  (43700000 43ed8000 00000000 00000000 ) (240.00 475.00 0.00 0.00 )
00 00 70 43 00 80 ed 43 00 00 80 3f 00 00 00 00  (43700000 43ed8000 3f800000 00000000 ) (240.00 475.00 1.00 0.00 )
00 00 70 43 00 80 ef 43 00 00 00 00 00 00 80 3f  (43700000 43ef8000 00000000 3f800000 ) (240.00 479.00 0.00 1.00 )
00 00 70 43 00 80 ef 43 00 00 80 3f 00 00 80 3f  (43700000 43ef8000 3f800000 3f800000 ) (240.00 479.00 1.00 1.00 )
**********glBindVertexArray 2***********
**********glBindVertexArray 1***********
glNamedBufferData: 10 64 0x7f6b88f299e0 35040
00 00 00 00 00 00 00 00 00 00 00 00 00 00 00 00  (00000000 00000000 00000000 00000000 ) (0.00 0.00 0.00 0.00 )
00 00 a0 44 00 00 00 00 00 00 80 3f 00 00 00 00  (44a00000 00000000 3f800000 00000000 ) (1280.00 0.00 1.00 0.00 )
00 00 00 00 00 00 34 44 00 00 00 00 00 00 80 3f  (00000000 44340000 00000000 3f800000 ) (0.00 720.00 0.00 1.00 )
00 00 a0 44 00 00 34 44 00 00 80 3f 00 00 80 3f  (44a00000 44340000 3f800000 3f800000 ) (1280.00 720.00 1.00 1.00 )
**********glBindVertexArray 2***********
**********glBindVertexArray 1***********
glNamedBufferData: 10 64 0x7f6b88e0b520 35040
00 00 00 00 00 00 00 00 00 00 00 00 00 00 00 00  (00000000 00000000 00000000 00000000 ) (0.00 0.00 0.00 0.00 )
00 00 a0 44 00 00 00 00 00 00 80 3f 00 00 00 00  (44a00000 00000000 3f800000 00000000 ) (1280.00 0.00 1.00 0.00 )
00 00 00 00 00 00 34 44 00 00 00 00 00 00 80 3f  (00000000 44340000 00000000 3f800000 ) (0.00 720.00 0.00 1.00 )
00 00 a0 44 00 00 34 44 00 00 80 3f 00 00 80 3f  (44a00000 44340000 3f800000 3f800000 ) (1280.00 720.00 1.00 1.00 )
**********glBindVertexArray 2***********
**********glBindVertexArray 1***********
glNamedBufferData: 10 64 0x7f6b88e0b4d0 35040
00 00 b4 42 00 00 a7 43 00 00 00 00 00 00 00 00  (42b40000 43a70000 00000000 00000000 ) (90.00 334.00 0.00 0.00 )
00 c0 94 44 00 00 a7 43 00 00 80 3f 00 00 00 00  (4494c000 43a70000 3f800000 00000000 ) (1190.00 334.00 1.00 0.00 )
00 00 b4 42 00 00 bb 43 00 00 00 00 00 00 80 3f  (42b40000 43bb0000 00000000 3f800000 ) (90.00 374.00 0.00 1.00 )
00 c0 94 44 00 00 bb 43 00 00 80 3f 00 00 80 3f  (4494c000 43bb0000 3f800000 3f800000 ) (1190.00 374.00 1.00 1.00 )
**********glBindVertexArray 2***********
**********glBindVertexArray 1***********
glNamedBufferData: 10 3200 0x7f6b88f1fbb0 35040
a4 80 e8 43 00 e0 aa 43 00 00 73 3f 00 00 80 3a  (43e880a4 43aae000 3f730000 3a800000 ) (465.01 341.75 0.95 0.00 )
a4 80 ed 43 00 e0 aa 43 00 00 78 3f 00 00 80 3a  (43ed80a4 43aae000 3f780000 3a800000 ) (475.01 341.75 0.97 0.00 )
a4 80 e8 43 00 20 b2 43 00 00 73 3f 00 00 f0 3c  (43e880a4 43b22000 3f730000 3cf00000 ) (465.01 356.25 0.95 0.03 )
a4 80 ed 43 00 20 b2 43 00 00 78 3f 00 00 f0 3c  (43ed80a4 43b22000 3f780000 3cf00000 ) (475.01 356.25 0.97 0.03 )
6f 33 ee 43 00 60 ac 43 00 80 25 3f 00 00 1c 3d  (43ee336f 43ac6000 3f258000 3d1c0000 ) (476.40 344.75 0.65 0.04 )
6f b3 f1 43 00 60 ac 43 00 00 29 3f 00 00 1c 3d  (43f1b36f 43ac6000 3f290000 3d1c0000 ) (483.40 344.75 0.66 0.04 )
6f 33 ee 43 00 20 b2 43 00 80 25 3f 00 00 78 3d  (43ee336f 43b22000 3f258000 3d780000 ) (476.40 356.25 0.65 0.06 )
6f b3 f1 43 00 20 b2 43 00 00 29 3f 00 00 78 3d  (43f1b36f 43b22000 3f290000 3d780000 ) (483.40 356.25 0.66 0.06 )
02 d6 f1 43 00 60 ac 43 00 00 d3 3e 00 00 1c 3d  (43f1d602 43ac6000 3ed30000 3d1c0000 ) (483.67 344.75 0.41 0.04 )
02 16 f7 43 00 60 ac 43 00 80 dd 3e 00 00 1c 3d  (43f71602 43ac6000 3edd8000 3d1c0000 ) (494.17 344.75 0.43 0.04 )
02 d6 f1 43 00 60 b2 43 00 00 d3 3e 00 00 7c 3d  (43f1d602 43b26000 3ed30000 3d7c0000 ) (483.67 356.75 0.41 0.06 )
02 16 f7 43 00 60 b2 43 00 80 dd 3e 00 00 7c 3d  (43f71602 43b26000 3edd8000 3d7c0000 ) (494.17 356.75 0.43 0.06 )
55 e6 f7 43 00 a0 aa 43 00 c0 06 3f 00 00 1c 3d  (43f7e655 43aaa000 3f06c000 3d1c0000 ) (495.80 341.25 0.53 0.04 )
55 26 f9 43 00 a0 aa 43 00 00 08 3f 00 00 1c 3d  (43f92655 43aaa000 3f080000 3d1c0000 ) (498.30 341.25 0.53 0.04 )
55 e6 f7 43 00 20 b2 43 00 c0 06 3f 00 00 8a 3d  (43f7e655 43b22000 3f06c000 3d8a0000 ) (495.80 356.25 0.53 0.07 )
55 26 f9 43 00 20 b2 43 00 00 08 3f 00 00 8a 3d  (43f92655 43b22000 3f080000 3d8a0000 ) (498.30 356.25 0.53 0.07 )
70 46 fa 43 00 60 ac 43 00 80 15 3f 00 00 1c 3d  (43fa4670 43ac6000 3f158000 3d1c0000 ) (500.55 344.75 0.58 0.04 )
70 86 ff 43 00 60 ac 43 00 c0 1a 3f 00 00 1c 3d  (43ff8670 43ac6000 3f1ac000 3d1c0000 ) (511.05 344.75 0.60 0.04 )
70 46 fa 43 00 60 b2 43 00 80 15 3f 00 00 7c 3d  (43fa4670 43b26000 3f158000 3d7c0000 ) (500.55 356.75 0.58 0.06 )
70 86 ff 43 00 60 b2 43 00 c0 1a 3f 00 00 7c 3d  (43ff8670 43b26000 3f1ac000 3d7c0000 ) (511.05 356.75 0.60 0.06 )
3f 07 00 44 00 60 ac 43 00 80 aa 3e 00 00 1c 3d  (4400073f 43ac6000 3eaa8000 3d1c0000 ) (512.11 344.75 0.33 0.04 )
3f 67 02 44 00 60 ac 43 00 00 b4 3e 00 00 1c 3d  (4402673f 43ac6000 3eb40000 3d1c0000 ) (521.61 344.75 0.35 0.04 )
3f 07 00 44 00 60 b2 43 00 80 aa 3e 00 00 7c 3d  (4400073f 43b26000 3eaa8000 3d7c0000 ) (512.11 356.75 0.33 0.06 )
3f 67 02 44 00 60 b2 43 00 00 b4 3e 00 00 7c 3d  (4402673f 43b26000 3eb40000 3d7c0000 ) (521.61 356.75 0.35 0.06 )
74 ec 02 44 00 a0 aa 43 00 80 c8 3e 00 00 1c 3d  (4402ec74 43aaa000 3ec88000 3d1c0000 ) (523.69 341.25 0.39 0.04 )
74 6c 05 44 00 a0 aa 43 00 80 d2 3e 00 00 1c 3d  (44056c74 43aaa000 3ed28000 3d1c0000 ) (533.69 341.25 0.41 0.04 )
74 ec 02 44 00 60 b2 43 00 80 c8 3e 00 00 8c 3d  (4402ec74 43b26000 3ec88000 3d8c0000 ) (523.69 356.75 0.39 0.07 )
74 6c 05 44 00 60 b2 43 00 80 d2 3e 00 00 8c 3d  (44056c74 43b26000 3ed28000 3d8c0000 ) (533.69 356.75 0.41 0.07 )
3e 0c 06 44 00 a0 aa 43 00 00 fb 3e 00 00 1c 3d  (44060c3e 43aaa000 3efb0000 3d1c0000 ) (536.19 341.25 0.49 0.04 )
3e ac 06 44 00 a0 aa 43 00 80 fd 3e 00 00 1c 3d  (4406ac3e 43aaa000 3efd8000 3d1c0000 ) (538.69 341.25 0.50 0.04 )
3e 0c 06 44 00 20 b2 43 00 00 fb 3e 00 00 8a 3d  (44060c3e 43b22000 3efb0000 3d8a0000 ) (536.19 356.25 0.49 0.07 )
3e ac 06 44 00 20 b2 43 00 80 fd 3e 00 00 8a 3d  (4406ac3e 43b22000 3efd8000 3d8a0000 ) (538.69 356.25 0.50 0.07 )
4b 5c 07 44 00 60 ac 43 00 80 10 3f 00 00 1c 3d  (44075c4b 43ac6000 3f108000 3d1c0000 ) (541.44 344.75 0.56 0.04 )
4b bc 09 44 00 60 ac 43 00 40 15 3f 00 00 1c 3d  (4409bc4b 43ac6000 3f154000 3d1c0000 ) (550.94 344.75 0.58 0.04 )
4b 5c 07 44 00 20 b2 43 00 80 10 3f 00 00 78 3d  (44075c4b 43b22000 3f108000 3d780000 ) (541.44 356.25 0.56 0.06 )
4b bc 09 44 00 20 b2 43 00 40 15 3f 00 00 78 3d  (4409bc4b 43b22000 3f154000 3d780000 ) (550.94 356.25 0.58 0.06 )
e6 3a 0a 44 00 60 ac 43 00 80 e6 3e 00 00 1c 3d  (440a3ae6 43ac6000 3ee68000 3d1c0000 ) (552.92 344.75 0.45 0.04 )
e6 ba 0c 44 00 60 ac 43 00 80 f0 3e 00 00 1c 3d  (440cbae6 43ac6000 3ef08000 3d1c0000 ) (562.92 344.75 0.47 0.04 )
e6 3a 0a 44 00 20 b4 43 00 80 e6 3e 00 00 8c 3d  (440a3ae6 43b42000 3ee68000 3d8c0000 ) (552.92 360.25 0.45 0.07 )
e6 ba 0c 44 00 20 b4 43 00 80 f0 3e 00 00 8c 3d  (440cbae6 43b42000 3ef08000 3d8c0000 ) (562.92 360.25 0.47 0.07 )
af fa 0c 44 00 e0 b1 43 00 00 b8 3c 00 00 80 3a  (440cfaaf 43b1e000 3cb80000 3a800000 ) (563.92 355.75 0.02 0.00 )
af 1a 0d 44 00 e0 b1 43 00 00 c0 3c 00 00 80 3a  (440d1aaf 43b1e000 3cc00000 3a800000 ) (564.42 355.75 0.02 0.00 )
af fa 0c 44 00 20 b2 43 00 00 b8 3c 00 00 00 3b  (440cfaaf 43b22000 3cb80000 3b000000 ) (563.92 356.25 0.02 0.00 )
af 1a 0d 44 00 20 b2 43 00 00 c0 3c 00 00 00 3b  (440d1aaf 43b22000 3cc00000 3b000000 ) (564.42 356.25 0.02 0.00 )
2a bb 0e 44 00 60 ac 43 00 00 bf 3e 00 00 1c 3d  (440ebb2a 43ac6000 3ebf0000 3d1c0000 ) (570.92 344.75 0.37 0.04 )
2a fb 10 44 00 60 ac 43 00 00 c8 3e 00 00 1c 3d  (4410fb2a 43ac6000 3ec80000 3d1c0000 ) (579.92 344.75 0.39 0.04 )
2a bb 0e 44 00 60 b2 43 00 00 bf 3e 00 00 7c 3d  (440ebb2a 43b26000 3ebf0000 3d7c0000 ) (570.92 356.75 0.37 0.06 )
2a fb 10 44 00 60 b2 43 00 00 c8 3e 00 00 7c 3d  (4410fb2a 43b26000 3ec80000 3d7c0000 ) (579.92 356.75 0.39 0.06 )
30 54 11 44 00 60 ac 43 00 80 aa 3e 00 00 1c 3d  (44115430 43ac6000 3eaa8000 3d1c0000 ) (581.32 344.75 0.33 0.04 )
30 b4 13 44 00 60 ac 43 00 00 b4 3e 00 00 1c 3d  (4413b430 43ac6000 3eb40000 3d1c0000 ) (590.82 344.75 0.35 0.04 )
30 54 11 44 00 60 b2 43 00 80 aa 3e 00 00 7c 3d  (44115430 43b26000 3eaa8000 3d7c0000 ) (581.32 356.75 0.33 0.06 )
30 b4 13 44 00 60 b2 43 00 00 b4 3e 00 00 7c 3d  (4413b430 43b26000 3eb40000 3d7c0000 ) (590.82 356.75 0.35 0.06 )
65 39 14 44 00 60 ac 43 00 00 bf 3e 00 00 1c 3d  (44143965 43ac6000 3ebf0000 3d1c0000 ) (592.90 344.75 0.37 0.04 )
65 79 16 44 00 60 ac 43 00 00 c8 3e 00 00 1c 3d  (44167965 43ac6000 3ec80000 3d1c0000 ) (601.90 344.75 0.39 0.04 )
65 39 14 44 00 60 b2 43 00 00 bf 3e 00 00 7c 3d  (44143965 43b26000 3ebf0000 3d7c0000 ) (592.90 356.75 0.37 0.06 )
65 79 16 44 00 60 b2 43 00 00 c8 3e 00 00 7c 3d  (44167965 43b26000 3ec80000 3d7c0000 ) (601.90 356.75 0.39 0.06 )
6a f2 16 44 00 a0 aa 43 00 00 f1 3e 00 00 1c 3d  (4416f26a 43aaa000 3ef10000 3d1c0000 ) (603.79 341.25 0.47 0.04 )
6a 52 19 44 00 a0 aa 43 00 80 fa 3e 00 00 1c 3d  (4419526a 43aaa000 3efa8000 3d1c0000 ) (613.29 341.25 0.49 0.04 )
6a f2 16 44 00 20 b2 43 00 00 f1 3e 00 00 8a 3d  (4416f26a 43b22000 3ef10000 3d8a0000 ) (603.79 356.25 0.47 0.07 )
6a 52 19 44 00 20 b2 43 00 80 fa 3e 00 00 8a 3d  (4419526a 43b22000 3efa8000 3d8a0000 ) (613.29 356.25 0.49 0.07 )
05 d1 19 44 00 60 ac 43 00 00 d3 3e 00 00 1c 3d  (4419d105 43ac6000 3ed30000 3d1c0000 ) (615.27 344.75 0.41 0.04 )
05 71 1c 44 00 60 ac 43 00 80 dd 3e 00 00 1c 3d  (441c7105 43ac6000 3edd8000 3d1c0000 ) (625.77 344.75 0.43 0.04 )
05 d1 19 44 00 60 b2 43 00 00 d3 3e 00 00 7c 3d  (4419d105 43b26000 3ed30000 3d7c0000 ) (615.27 356.75 0.41 0.06 )
05 71 1c 44 00 60 b2 43 00 80 dd 3e 00 00 7c 3d  (441c7105 43b26000 3edd8000 3d7c0000 ) (625.77 356.75 0.43 0.06 )
2e b9 1c 44 00 a0 aa 43 00 80 c8 3e 00 00 1c 3d  (441cb92e 43aaa000 3ec88000 3d1c0000 ) (626.89 341.25 0.39 0.04 )
2e 39 1f 44 00 a0 aa 43 00 80 d2 3e 00 00 1c 3d  (441f392e 43aaa000 3ed28000 3d1c0000 ) (636.89 341.25 0.41 0.04 )
2e b9 1c 44 00 60 b2 43 00 80 c8 3e 00 00 8c 3d  (441cb92e 43b26000 3ec88000 3d8c0000 ) (626.89 356.75 0.39 0.07 )
2e 39 1f 44 00 60 b2 43 00 80 d2 3e 00 00 8c 3d  (441f392e 43b26000 3ed28000 3d8c0000 ) (636.89 356.75 0.41 0.07 )
f7 78 1f 44 00 e0 b1 43 00 00 b8 3c 00 00 80 3a  (441f78f7 43b1e000 3cb80000 3a800000 ) (637.89 355.75 0.02 0.00 )
f7 98 1f 44 00 e0 b1 43 00 00 c0 3c 00 00 80 3a  (441f98f7 43b1e000 3cc00000 3a800000 ) (638.39 355.75 0.02 0.00 )
f7 78 1f 44 00 20 b2 43 00 00 b8 3c 00 00 00 3b  (441f78f7 43b22000 3cb80000 3b000000 ) (637.89 356.25 0.02 0.00 )
f7 98 1f 44 00 20 b2 43 00 00 c0 3c 00 00 00 3b  (441f98f7 43b22000 3cc00000 3b000000 ) (638.39 356.25 0.02 0.00 )
73 39 21 44 00 60 ac 43 00 40 29 3f 00 00 1c 3d  (44213973 43ac6000 3f294000 3d1c0000 ) (644.90 344.75 0.66 0.04 )
73 59 23 44 00 60 ac 43 00 80 2d 3f 00 00 1c 3d  (44235973 43ac6000 3f2d8000 3d1c0000 ) (653.40 344.75 0.68 0.04 )
73 39 21 44 00 60 b2 43 00 40 29 3f 00 00 7c 3d  (44213973 43b26000 3f294000 3d7c0000 ) (644.90 356.75 0.66 0.06 )
73 59 23 44 00 60 b2 43 00 80 2d 3f 00 00 7c 3d  (44235973 43b26000 3f2d8000 3d7c0000 ) (653.40 356.75 0.68 0.06 )
a0 cf 23 44 00 a0 aa 43 00 00 f1 3e 00 00 1c 3d  (4423cfa0 43aaa000 3ef10000 3d1c0000 ) (655.24 341.25 0.47 0.04 )
a0 2f 26 44 00 a0 aa 43 00 80 fa 3e 00 00 1c 3d  (44262fa0 43aaa000 3efa8000 3d1c0000 ) (664.74 341.25 0.49 0.04 )
a0 cf 23 44 00 20 b2 43 00 00 f1 3e 00 00 8a 3d  (4423cfa0 43b22000 3ef10000 3d8a0000 ) (655.24 356.25 0.47 0.07 )
a0 2f 26 44 00 20 b2 43 00 80 fa 3e 00 00 8a 3d  (44262fa0 43b22000 3efa8000 3d8a0000 ) (664.74 356.25 0.49 0.07 )
3a ae 26 44 00 60 ac 43 00 80 aa 3e 00 00 1c 3d  (4426ae3a 43ac6000 3eaa8000 3d1c0000 ) (666.72 344.75 0.33 0.04 )
3a 0e 29 44 00 60 ac 43 00 00 b4 3e 00 00 1c 3d  (44290e3a 43ac6000 3eb40000 3d1c0000 ) (676.22 344.75 0.35 0.04 )
3a ae 26 44 00 60 b2 43 00 80 aa 3e 00 00 7c 3d  (4426ae3a 43b26000 3eaa8000 3d7c0000 ) (666.72 356.75 0.33 0.06 )
3a 0e 29 44 00 60 b2 43 00 00 b4 3e 00 00 7c 3d  (44290e3a 43b26000 3eb40000 3d7c0000 ) (676.22 356.75 0.35 0.06 )
70 93 29 44 00 a0 aa 43 00 80 c8 3e 00 00 1c 3d  (44299370 43aaa000 3ec88000 3d1c0000 ) (678.30 341.25 0.39 0.04 )
70 13 2c 44 00 a0 aa 43 00 80 d2 3e 00 00 1c 3d  (442c1370 43aaa000 3ed28000 3d1c0000 ) (688.30 341.25 0.41 0.04 )
70 93 29 44 00 60 b2 43 00 80 c8 3e 00 00 8c 3d  (44299370 43b26000 3ec88000 3d8c0000 ) (678.30 356.75 0.39 0.07 )
70 13 2c 44 00 60 b2 43 00 80 d2 3e 00 00 8c 3d  (442c1370 43b26000 3ed28000 3d8c0000 ) (688.30 356.75 0.41 0.07 )
39 93 2c 44 00 60 ac 43 00 00 d3 3e 00 00 1c 3d  (442c9339 43ac6000 3ed30000 3d1c0000 ) (690.30 344.75 0.41 0.04 )
39 33 2f 44 00 60 ac 43 00 80 dd 3e 00 00 1c 3d  (442f3339 43ac6000 3edd8000 3d1c0000 ) (700.80 344.75 0.43 0.04 )
39 93 2c 44 00 60 b2 43 00 00 d3 3e 00 00 7c 3d  (442c9339 43b26000 3ed30000 3d7c0000 ) (690.30 356.75 0.41 0.06 )
39 33 2f 44 00 60 b2 43 00 80 dd 3e 00 00 7c 3d  (442f3339 43b26000 3edd8000 3d7c0000 ) (700.80 356.75 0.43 0.06 )
62 9b 2f 44 00 60 ac 43 00 80 25 3f 00 00 1c 3d  (442f9b62 43ac6000 3f258000 3d1c0000 ) (702.43 344.75 0.65 0.04 )
62 5b 31 44 00 60 ac 43 00 00 29 3f 00 00 1c 3d  (44315b62 43ac6000 3f290000 3d1c0000 ) (709.43 344.75 0.66 0.04 )
62 9b 2f 44 00 20 b2 43 00 80 25 3f 00 00 78 3d  (442f9b62 43b22000 3f258000 3d780000 ) (702.43 356.25 0.65 0.06 )
62 5b 31 44 00 20 b2 43 00 00 29 3f 00 00 78 3d  (44315b62 43b22000 3f290000 3d780000 ) (709.43 356.25 0.66 0.06 )
ac 6c 31 44 00 60 ac 43 00 40 29 3f 00 00 1c 3d  (44316cac 43ac6000 3f294000 3d1c0000 ) (709.70 344.75 0.66 0.04 )
ac 8c 33 44 00 60 ac 43 00 80 2d 3f 00 00 1c 3d  (44338cac 43ac6000 3f2d8000 3d1c0000 ) (718.20 344.75 0.68 0.04 )
ac 6c 31 44 00 60 b2 43 00 40 29 3f 00 00 7c 3d  (44316cac 43b26000 3f294000 3d7c0000 ) (709.70 356.75 0.66 0.06 )
ac 8c 33 44 00 60 b2 43 00 80 2d 3f 00 00 7c 3d  (44338cac 43b26000 3f2d8000 3d7c0000 ) (718.20 356.75 0.68 0.06 )
d9 a2 33 44 00 e0 b1 43 00 00 b8 3c 00 00 80 3a  (4433a2d9 43b1e000 3cb80000 3a800000 ) (718.54 355.75 0.02 0.00 )
d9 c2 33 44 00 e0 b1 43 00 00 c0 3c 00 00 80 3a  (4433c2d9 43b1e000 3cc00000 3a800000 ) (719.04 355.75 0.02 0.00 )
d9 a2 33 44 00 20 b2 43 00 00 b8 3c 00 00 00 3b  (4433a2d9 43b22000 3cb80000 3b000000 ) (718.54 356.25 0.02 0.00 )
d9 c2 33 44 00 20 b2 43 00 00 c0 3c 00 00 00 3b  (4433c2d9 43b22000 3cc00000 3b000000 ) (719.04 356.25 0.02 0.00 )
54 23 35 44 00 a0 aa 43 00 00 de 3e 00 00 1c 3d  (44352354 43aaa000 3ede0000 3d1c0000 ) (724.55 341.25 0.43 0.04 )
54 23 37 44 00 a0 aa 43 00 00 e6 3e 00 00 1c 3d  (44372354 43aaa000 3ee60000 3d1c0000 ) (732.55 341.25 0.45 0.04 )
54 23 35 44 00 20 b2 43 00 00 de 3e 00 00 8a 3d  (44352354 43b22000 3ede0000 3d8a0000 ) (724.55 356.25 0.43 0.07 )
54 23 37 44 00 20 b2 43 00 00 e6 3e 00 00 8a 3d  (44372354 43b22000 3ee60000 3d8a0000 ) (732.55 356.25 0.45 0.07 )
28 2d 37 44 00 60 ac 43 00 80 25 3f 00 00 1c 3d  (44372d28 43ac6000 3f258000 3d1c0000 ) (732.71 344.75 0.65 0.04 )
28 ed 38 44 00 60 ac 43 00 00 29 3f 00 00 1c 3d  (4438ed28 43ac6000 3f290000 3d1c0000 ) (739.71 344.75 0.66 0.04 )
28 2d 37 44 00 20 b2 43 00 80 25 3f 00 00 78 3d  (44372d28 43b22000 3f258000 3d780000 ) (732.71 356.25 0.65 0.06 )
28 ed 38 44 00 20 b2 43 00 00 29 3f 00 00 78 3d  (4438ed28 43b22000 3f290000 3d780000 ) (739.71 356.25 0.66 0.06 )
72 fe 38 44 00 60 ac 43 00 80 15 3f 00 00 1c 3d  (4438fe72 43ac6000 3f158000 3d1c0000 ) (739.98 344.75 0.58 0.04 )
72 9e 3b 44 00 60 ac 43 00 c0 1a 3f 00 00 1c 3d  (443b9e72 43ac6000 3f1ac000 3d1c0000 ) (750.48 344.75 0.60 0.04 )
72 fe 38 44 00 60 b2 43 00 80 15 3f 00 00 7c 3d  (4438fe72 43b26000 3f158000 3d7c0000 ) (739.98 356.75 0.58 0.06 )
72 9e 3b 44 00 60 b2 43 00 c0 1a 3f 00 00 7c 3d  (443b9e72 43b26000 3f1ac000 3d7c0000 ) (750.48 356.75 0.60 0.06 )
79 02 3c 44 00 60 ac 43 00 40 08 3f 00 00 1c 3d  (443c0279 43ac6000 3f084000 3d1c0000 ) (752.04 344.75 0.53 0.04 )
79 02 40 44 00 60 ac 43 00 40 10 3f 00 00 1c 3d  (44400279 43ac6000 3f104000 3d1c0000 ) (768.04 344.75 0.56 0.04 )
79 02 3c 44 00 20 b2 43 00 40 08 3f 00 00 78 3d  (443c0279 43b22000 3f084000 3d780000 ) (752.04 356.25 0.53 0.06 )
79 02 40 44 00 20 b2 43 00 40 10 3f 00 00 78 3d  (44400279 43b22000 3f104000 3d780000 ) (768.04 356.25 0.56 0.06 )
ba 3c 40 44 00 e0 b1 43 00 00 b8 3c 00 00 80 3a  (44403cba 43b1e000 3cb80000 3a800000 ) (768.95 355.75 0.02 0.00 )
ba 5c 40 44 00 e0 b1 43 00 00 c0 3c 00 00 80 3a  (44405cba 43b1e000 3cc00000 3a800000 ) (769.45 355.75 0.02 0.00 )
ba 3c 40 44 00 20 b2 43 00 00 b8 3c 00 00 00 3b  (44403cba 43b22000 3cb80000 3b000000 ) (768.95 356.25 0.02 0.00 )
ba 5c 40 44 00 20 b2 43 00 00 c0 3c 00 00 00 3b  (44405cba 43b22000 3cc00000 3b000000 ) (769.45 356.25 0.02 0.00 )
36 fd 41 44 00 a0 aa 43 00 80 c8 3e 00 00 1c 3d  (4441fd36 43aaa000 3ec88000 3d1c0000 ) (775.96 341.25 0.39 0.04 )
36 7d 44 44 00 a0 aa 43 00 80 d2 3e 00 00 1c 3d  (44447d36 43aaa000 3ed28000 3d1c0000 ) (785.96 341.25 0.41 0.04 )
36 fd 41 44 00 60 b2 43 00 80 c8 3e 00 00 8c 3d  (4441fd36 43b26000 3ec88000 3d8c0000 ) (775.96 356.75 0.39 0.07 )
36 7d 44 44 00 60 b2 43 00 80 d2 3e 00 00 8c 3d  (44447d36 43b26000 3ed28000 3d8c0000 ) (785.96 356.75 0.41 0.07 )
ff 1c 45 44 00 a0 aa 43 00 00 fb 3e 00 00 1c 3d  (44451cff 43aaa000 3efb0000 3d1c0000 ) (788.45 341.25 0.49 0.04 )
ff bc 45 44 00 a0 aa 43 00 80 fd 3e 00 00 1c 3d  (4445bcff 43aaa000 3efd8000 3d1c0000 ) (790.95 341.25 0.50 0.04 )
ff 1c 45 44 00 20 b2 43 00 00 fb 3e 00 00 8a 3d  (44451cff 43b22000 3efb0000 3d8a0000 ) (788.45 356.25 0.49 0.07 )
ff bc 45 44 00 20 b2 43 00 80 fd 3e 00 00 8a 3d  (4445bcff 43b22000 3efd8000 3d8a0000 ) (790.95 356.25 0.50 0.07 )
0c 4d 46 44 00 60 ac 43 00 40 29 3f 00 00 1c 3d  (44464d0c 43ac6000 3f294000 3d1c0000 ) (793.20 344.75 0.66 0.04 )
0c 6d 48 44 00 60 ac 43 00 80 2d 3f 00 00 1c 3d  (44486d0c 43ac6000 3f2d8000 3d1c0000 ) (801.70 344.75 0.68 0.04 )
0c 4d 46 44 00 60 b2 43 00 40 29 3f 00 00 7c 3d  (44464d0c 43b26000 3f294000 3d7c0000 ) (793.20 356.75 0.66 0.06 )
0c 6d 48 44 00 60 b2 43 00 80 2d 3f 00 00 7c 3d  (44486d0c 43b26000 3f2d8000 3d7c0000 ) (801.70 356.75 0.68 0.06 )
39 e3 48 44 00 a0 aa 43 00 80 01 3f 00 00 1c 3d  (4448e339 43aaa000 3f018000 3d1c0000 ) (803.55 341.25 0.51 0.04 )
39 63 4b 44 00 a0 aa 43 00 80 06 3f 00 00 1c 3d  (444b6339 43aaa000 3f068000 3d1c0000 ) (813.55 341.25 0.53 0.04 )
39 e3 48 44 00 20 b2 43 00 80 01 3f 00 00 8a 3d  (4448e339 43b22000 3f018000 3d8a0000 ) (803.55 356.25 0.51 0.07 )
39 63 4b 44 00 20 b2 43 00 80 06 3f 00 00 8a 3d  (444b6339 43b22000 3f068000 3d8a0000 ) (813.55 356.25 0.53 0.07 )
ae bf 4b 44 00 a0 b0 43 00 00 7c 3e 00 00 80 3a  (444bbfae 43b0a000 3e7c0000 3a800000 ) (814.99 353.25 0.25 0.00 )
ae 5f 4c 44 00 a0 b0 43 00 80 80 3e 00 00 80 3a  (444c5fae 43b0a000 3e808000 3a800000 ) (817.49 353.25 0.25 0.00 )
ae bf 4b 44 00 20 b2 43 00 00 7c 3e 00 00 e0 3b  (444bbfae 43b22000 3e7c0000 3be00000 ) (814.99 356.25 0.25 0.01 )
ae 5f 4c 44 00 20 b2 43 00 80 80 3e 00 00 e0 3b  (444c5fae 43b22000 3e808000 3be00000 ) (817.49 356.25 0.25 0.01 )
4f 0e 11 44 00 e0 b6 43 00 00 73 3f 00 00 80 3a  (44110e4f 43b6e000 3f730000 3a800000 ) (580.22 365.75 0.95 0.00 )
4f 8e 13 44 00 e0 b6 43 00 00 78 3f 00 00 80 3a  (44138e4f 43b6e000 3f780000 3a800000 ) (590.22 365.75 0.97 0.00 )
4f 0e 11 44 00 20 be 43 00 00 73 3f 00 00 f0 3c  (44110e4f 43be2000 3f730000 3cf00000 ) (580.22 380.25 0.95 0.03 )
4f 8e 13 44 00 20 be 43 00 00 78 3f 00 00 f0 3c  (44138e4f 43be2000 3f780000 3cf00000 ) (590.22 380.25 0.97 0.03 )
b4 e7 13 44 00 a0 b6 43 00 c0 06 3f 00 00 1c 3d  (4413e7b4 43b6a000 3f06c000 3d1c0000 ) (591.62 365.25 0.53 0.04 )
b4 87 14 44 00 a0 b6 43 00 00 08 3f 00 00 1c 3d  (441487b4 43b6a000 3f080000 3d1c0000 ) (594.12 365.25 0.53 0.04 )
b4 e7 13 44 00 20 be 43 00 c0 06 3f 00 00 8a 3d  (4413e7b4 43be2000 3f06c000 3d8a0000 ) (591.62 380.25 0.53 0.07 )
b4 87 14 44 00 20 be 43 00 00 08 3f 00 00 8a 3d  (441487b4 43be2000 3f080000 3d8a0000 ) (594.12 380.25 0.53 0.07 )
c2 17 15 44 00 60 b8 43 00 00 d3 3e 00 00 1c 3d  (441517c2 43b86000 3ed30000 3d1c0000 ) (596.37 368.75 0.41 0.04 )
c2 b7 17 44 00 60 b8 43 00 80 dd 3e 00 00 1c 3d  (4417b7c2 43b86000 3edd8000 3d1c0000 ) (606.87 368.75 0.43 0.04 )
c2 17 15 44 00 60 be 43 00 00 d3 3e 00 00 7c 3d  (441517c2 43be6000 3ed30000 3d7c0000 ) (596.37 380.75 0.41 0.06 )
c2 b7 17 44 00 60 be 43 00 80 dd 3e 00 00 7c 3d  (4417b7c2 43be6000 3edd8000 3d7c0000 ) (606.87 380.75 0.43 0.06 )
eb ff 17 44 00 60 b8 43 00 80 aa 3e 00 00 1c 3d  (4417ffeb 43b86000 3eaa8000 3d1c0000 ) (608.00 368.75 0.33 0.04 )
eb 5f 1a 44 00 60 b8 43 00 00 b4 3e 00 00 1c 3d  (441a5feb 43b86000 3eb40000 3d1c0000 ) (617.50 368.75 0.35 0.04 )
eb ff 17 44 00 60 be 43 00 80 aa 3e 00 00 7c 3d  (4417ffeb 43be6000 3eaa8000 3d7c0000 ) (608.00 380.75 0.33 0.06 )
eb 5f 1a 44 00 60 be 43 00 00 b4 3e 00 00 7c 3d  (441a5feb 43be6000 3eb40000 3d7c0000 ) (617.50 380.75 0.35 0.06 )
20 e5 1a 44 00 60 b8 43 00 40 29 3f 00 00 1c 3d  (441ae520 43b86000 3f294000 3d1c0000 ) (619.58 368.75 0.66 0.04 )
20 05 1d 44 00 60 b8 43 00 80 2d 3f 00 00 1c 3d  (441d0520 43b86000 3f2d8000 3d1c0000 ) (628.08 368.75 0.68 0.04 )
20 e5 1a 44 00 60 be 43 00 40 29 3f 00 00 7c 3d  (441ae520 43be6000 3f294000 3d7c0000 ) (619.58 380.75 0.66 0.06 )
20 05 1d 44 00 60 be 43 00 80 2d 3f 00 00 7c 3d  (441d0520 43be6000 3f2d8000 3d7c0000 ) (628.08 380.75 0.68 0.06 )
4d 5b 1d 44 00 60 b8 43 00 00 d3 3e 00 00 1c 3d  (441d5b4d 43b86000 3ed30000 3d1c0000 ) (629.43 368.75 0.41 0.04 )
4d fb 1f 44 00 60 b8 43 00 80 dd 3e 00 00 1c 3d  (441ffb4d 43b86000 3edd8000 3d1c0000 ) (639.93 368.75 0.43 0.04 )
4d 5b 1d 44 00 60 be 43 00 00 d3 3e 00 00 7c 3d  (441d5b4d 43be6000 3ed30000 3d7c0000 ) (629.43 380.75 0.41 0.06 )
4d fb 1f 44 00 60 be 43 00 80 dd 3e 00 00 7c 3d  (441ffb4d 43be6000 3edd8000 3d7c0000 ) (639.93 380.75 0.43 0.06 )
76 03 20 44 00 e0 bd 43 00 00 b8 3c 00 00 80 3a  (44200376 43bde000 3cb80000 3a800000 ) (640.05 379.75 0.02 0.00 )
76 23 20 44 00 e0 bd 43 00 00 c0 3c 00 00 80 3a  (44202376 43bde000 3cc00000 3a800000 ) (640.55 379.75 0.02 0.00 )
76 03 20 44 00 20 be 43 00 00 b8 3c 00 00 00 3b  (44200376 43be2000 3cb80000 3b000000 ) (640.05 380.25 0.02 0.00 )
76 23 20 44 00 20 be 43 00 00 c0 3c 00 00 00 3b  (44202376 43be2000 3cc00000 3b000000 ) (640.55 380.25 0.02 0.00 )
f2 a3 21 44 00 a0 b8 43 00 40 3c 3f 00 00 1c 3d  (4421a3f2 43b8a000 3f3c4000 3d1c0000 ) (646.56 369.25 0.74 0.04 )
f2 63 25 44 00 a0 b8 43 00 c0 43 3f 00 00 1c 3d  (442563f2 43b8a000 3f43c000 3d1c0000 ) (661.56 369.25 0.76 0.04 )
f2 a3 21 44 00 20 be 43 00 40 3c 3f 00 00 74 3d  (4421a3f2 43be2000 3f3c4000 3d740000 ) (646.56 380.25 0.74 0.06 )
f2 63 25 44 00 20 be 43 00 c0 43 3f 00 00 74 3d  (442563f2 43be2000 3f43c000 3d740000 ) (661.56 380.25 0.76 0.06 )
35 a1 25 44 00 60 b8 43 00 80 aa 3e 00 00 1c 3d  (4425a135 43b86000 3eaa8000 3d1c0000 ) (662.52 368.75 0.33 0.04 )
35 01 28 44 00 60 b8 43 00 00 b4 3e 00 00 1c 3d  (44280135 43b86000 3eb40000 3d1c0000 ) (672.02 368.75 0.35 0.04 )
35 a1 25 44 00 60 be 43 00 80 aa 3e 00 00 7c 3d  (4425a135 43be6000 3eaa8000 3d7c0000 ) (662.52 380.75 0.33 0.06 )
35 01 28 44 00 60 be 43 00 00 b4 3e 00 00 7c 3d  (44280135 43be6000 3eb40000 3d7c0000 ) (672.02 380.75 0.35 0.06 )
6a a6 28 44 00 a0 b6 43 00 00 fb 3e 00 00 1c 3d  (4428a66a 43b6a000 3efb0000 3d1c0000 ) (674.60 365.25 0.49 0.04 )
6a 46 29 44 00 a0 b6 43 00 80 fd 3e 00 00 1c 3d  (4429466a 43b6a000 3efd8000 3d1c0000 ) (677.10 365.25 0.50 0.04 )
6a a6 28 44 00 20 be 43 00 00 fb 3e 00 00 8a 3d  (4428a66a 43be2000 3efb0000 3d8a0000 ) (674.60 380.25 0.49 0.07 )
6a 46 29 44 00 20 be 43 00 80 fd 3e 00 00 8a 3d  (4429466a 43be2000 3efd8000 3d8a0000 ) (677.10 380.25 0.50 0.07 )
78 b6 29 44 00 20 b7 43 00 c0 2d 3f 00 00 1c 3d  (4429b678 43b72000 3f2dc000 3d1c0000 ) (678.85 366.25 0.68 0.04 )
78 76 2b 44 00 20 b7 43 00 40 31 3f 00 00 1c 3d  (442b7678 43b72000 3f314000 3d1c0000 ) (685.85 366.25 0.69 0.04 )
78 b6 29 44 00 20 be 43 00 c0 2d 3f 00 00 86 3d  (4429b678 43be2000 3f2dc000 3d860000 ) (678.85 380.25 0.68 0.07 )
78 76 2b 44 00 20 be 43 00 40 31 3f 00 00 86 3d  (442b7678 43be2000 3f314000 3d860000 ) (685.85 380.25 0.69 0.07 )
ba f0 2b 44 00 a0 bc 43 00 00 7c 3e 00 00 80 3a  (442bf0ba 43bca000 3e7c0000 3a800000 ) (687.76 377.25 0.25 0.00 )
ba 90 2c 44 00 a0 bc 43 00 80 80 3e 00 00 80 3a  (442c90ba 43bca000 3e808000 3a800000 ) (690.26 377.25 0.25 0.00 )
ba f0 2b 44 00 20 be 43 00 00 7c 3e 00 00 e0 3b  (442bf0ba 43be2000 3e7c0000 3be00000 ) (687.76 380.25 0.25 0.01 )
ba 90 2c 44 00 20 be 43 00 80 80 3e 00 00 e0 3b  (442c90ba 43be2000 3e808000 3be00000 ) (690.26 380.25 0.25 0.01 )
35 71 2d 44 00 a0 bc 43 00 00 7c 3e 00 00 80 3a  (442d7135 43bca000 3e7c0000 3a800000 ) (693.77 377.25 0.25 0.00 )
35 11 2e 44 00 a0 bc 43 00 80 80 3e 00 00 80 3a  (442e1135 43bca000 3e808000 3a800000 ) (696.27 377.25 0.25 0.00 )
35 71 2d 44 00 20 be 43 00 00 7c 3e 00 00 e0 3b  (442d7135 43be2000 3e7c0000 3be00000 ) (693.77 380.25 0.25 0.01 )
35 11 2e 44 00 20 be 43 00 80 80 3e 00 00 e0 3b  (442e1135 43be2000 3e808000 3be00000 ) (696.27 380.25 0.25 0.01 )
b1 f1 2e 44 00 a0 bc 43 00 00 7c 3e 00 00 80 3a  (442ef1b1 43bca000 3e7c0000 3a800000 ) (699.78 377.25 0.25 0.00 )
b1 91 2f 44 00 a0 bc 43 00 80 80 3e 00 00 80 3a  (442f91b1 43bca000 3e808000 3a800000 ) (702.28 377.25 0.25 0.00 )
b1 f1 2e 44 00 20 be 43 00 00 7c 3e 00 00 e0 3b  (442ef1b1 43be2000 3e7c0000 3be00000 ) (699.78 380.25 0.25 0.01 )
b1 91 2f 44 00 20 be 43 00 80 80 3e 00 00 e0 3b  (442f91b1 43be2000 3e808000 3be00000 ) (702.28 380.25 0.25 0.01 )
**********glBindVertexArray 2***********
**********glBindVertexArray 1***********
glNamedBufferData: 10 64 0x7f6b88f282b0 35040
00 00 70 43 00 80 d4 43 00 00 00 00 00 00 00 00  (43700000 43d48000 00000000 00000000 ) (240.00 425.00 0.00 0.00 )
00 00 82 44 00 80 d4 43 00 00 80 3f 00 00 00 00  (44820000 43d48000 3f800000 00000000 ) (1040.00 425.00 1.00 0.00 )
00 00 70 43 00 80 d6 43 00 00 00 00 00 00 80 3f  (43700000 43d68000 00000000 3f800000 ) (240.00 429.00 0.00 1.00 )
00 00 82 44 00 80 d6 43 00 00 80 3f 00 00 80 3f  (44820000 43d68000 3f800000 3f800000 ) (1040.00 429.00 1.00 1.00 )
**********glBindVertexArray 2***********
**********glBindVertexArray 1***********
glNamedBufferData: 10 64 0x7f6b88f281a0 35040
00 00 70 43 00 00 ce 43 00 00 00 00 00 00 00 00  (43700000 43ce0000 00000000 00000000 ) (240.00 412.00 0.00 0.00 )
00 00 82 44 00 00 ce 43 00 00 80 3f 00 00 00 00  (44820000 43ce0000 3f800000 00000000 ) (1040.00 412.00 1.00 0.00 )
00 00 70 43 00 00 ce 43 00 00 00 00 00 00 80 3f  (43700000 43ce0000 00000000 3f800000 ) (240.00 412.00 0.00 1.00 )
00 00 82 44 00 00 ce 43 00 00 80 3f 00 00 80 3f  (44820000 43ce0000 3f800000 3f800000 ) (1040.00 412.00 1.00 1.00 )
**********glBindVertexArray 2***********
**********glBindVertexArray 1***********
glNamedBufferData: 10 64 0x7f6b88f28020 35040
00 00 70 43 00 80 d4 43 00 00 00 00 00 00 00 00  (43700000 43d48000 00000000 00000000 ) (240.00 425.00 0.00 0.00 )
00 00 70 43 00 80 d4 43 00 00 80 3f 00 00 00 00  (43700000 43d48000 3f800000 00000000 ) (240.00 425.00 1.00 0.00 )
00 00 70 43 00 80 d6 43 00 00 00 00 00 00 80 3f  (43700000 43d68000 00000000 3f800000 ) (240.00 429.00 0.00 1.00 )
00 00 70 43 00 80 d6 43 00 00 80 3f 00 00 80 3f  (43700000 43d68000 3f800000 3f800000 ) (240.00 429.00 1.00 1.00 )
**********glBindVertexArray 2***********
**********glBindVertexArray 1***********
glNamedBufferData: 10 64 0x7f6b88e30e80 35040
00 00 70 43 00 80 ed 43 00 00 00 00 00 00 00 00  (43700000 43ed8000 00000000 00000000 ) (240.00 475.00 0.00 0.00 )
00 00 82 44 00 80 ed 43 00 00 80 3f 00 00 00 00  (44820000 43ed8000 3f800000 00000000 ) (1040.00 475.00 1.00 0.00 )
00 00 70 43 00 80 ef 43 00 00 00 00 00 00 80 3f  (43700000 43ef8000 00000000 3f800000 ) (240.00 479.00 0.00 1.00 )
00 00 82 44 00 80 ef 43 00 00 80 3f 00 00 80 3f  (44820000 43ef8000 3f800000 3f800000 ) (1040.00 479.00 1.00 1.00 )
**********glBindVertexArray 2***********
**********glBindVertexArray 1***********
glNamedBufferData: 10 64 0x7f6b88f27730 35040
00 00 70 43 00 00 e7 43 00 00 00 00 00 00 00 00  (43700000 43e70000 00000000 00000000 ) (240.00 462.00 0.00 0.00 )
00 00 82 44 00 00 e7 43 00 00 80 3f 00 00 00 00  (44820000 43e70000 3f800000 00000000 ) (1040.00 462.00 1.00 0.00 )
00 00 70 43 00 00 e7 43 00 00 00 00 00 00 80 3f  (43700000 43e70000 00000000 3f800000 ) (240.00 462.00 0.00 1.00 )
00 00 82 44 00 00 e7 43 00 00 80 3f 00 00 80 3f  (44820000 43e70000 3f800000 3f800000 ) (1040.00 462.00 1.00 1.00 )
**********glBindVertexArray 2***********
**********glBindVertexArray 1***********
glNamedBufferData: 10 64 0x7f6b88e0b2c0 35040
00 00 70 43 00 80 ed 43 00 00 00 00 00 00 00 00  (43700000 43ed8000 00000000 00000000 ) (240.00 475.00 0.00 0.00 )
00 00 70 43 00 80 ed 43 00 00 80 3f 00 00 00 00  (43700000 43ed8000 3f800000 00000000 ) (240.00 475.00 1.00 0.00 )
00 00 70 43 00 80 ef 43 00 00 00 00 00 00 80 3f  (43700000 43ef8000 00000000 3f800000 ) (240.00 479.00 0.00 1.00 )
00 00 70 43 00 80 ef 43 00 00 80 3f 00 00 80 3f  (43700000 43ef8000 3f800000 3f800000 ) (240.00 479.00 1.00 1.00 )
**********glBindVertexArray 2***********
**********glBindVertexArray 1***********
glNamedBufferData: 10 64 0x7f6b88f281a0 35040
00 00 00 00 00 00 00 00 00 00 00 00 00 00 00 00  (00000000 00000000 00000000 00000000 ) (0.00 0.00 0.00 0.00 )
00 00 a0 44 00 00 00 00 00 00 80 3f 00 00 00 00  (44a00000 00000000 3f800000 00000000 ) (1280.00 0.00 1.00 0.00 )
00 00 00 00 00 00 34 44 00 00 00 00 00 00 80 3f  (00000000 44340000 00000000 3f800000 ) (0.00 720.00 0.00 1.00 )
00 00 a0 44 00 00 34 44 00 00 80 3f 00 00 80 3f  (44a00000 44340000 3f800000 3f800000 ) (1280.00 720.00 1.00 1.00 )
**********glBindVertexArray 2***********
**********glBindVertexArray 1***********
glNamedBufferData: 10 64 0x7f6b88f282b0 35040
00 00 00 00 00 00 00 00 00 00 00 00 00 00 00 00  (00000000 00000000 00000000 00000000 ) (0.00 0.00 0.00 0.00 )
00 00 a0 44 00 00 00 00 00 00 80 3f 00 00 00 00  (44a00000 00000000 3f800000 00000000 ) (1280.00 0.00 1.00 0.00 )
00 00 00 00 00 00 34 44 00 00 00 00 00 00 80 3f  (00000000 44340000 00000000 3f800000 ) (0.00 720.00 0.00 1.00 )
00 00 a0 44 00 00 34 44 00 00 80 3f 00 00 80 3f  (44a00000 44340000 3f800000 3f800000 ) (1280.00 720.00 1.00 1.00 )
**********glBindVertexArray 2***********
**********glBindVertexArray 1***********
glNamedBufferData: 10 64 0x7f6b88e0b4d0 35040
00 00 b4 42 00 00 a7 43 00 00 00 00 00 00 00 00  (42b40000 43a70000 00000000 00000000 ) (90.00 334.00 0.00 0.00 )
00 c0 94 44 00 00 a7 43 00 00 80 3f 00 00 00 00  (4494c000 43a70000 3f800000 00000000 ) (1190.00 334.00 1.00 0.00 )
00 00 b4 42 00 00 bb 43 00 00 00 00 00 00 80 3f  (42b40000 43bb0000 00000000 3f800000 ) (90.00 374.00 0.00 1.00 )
00 c0 94 44 00 00 bb 43 00 00 80 3f 00 00 80 3f  (4494c000 43bb0000 3f800000 3f800000 ) (1190.00 374.00 1.00 1.00 )
**********glBindVertexArray 2***********
**********glBindVertexArray 1***********
glNamedBufferData: 10 3200 0x7f6b88e68ee0 35040
a4 80 e8 43 00 e0 aa 43 00 00 73 3f 00 00 80 3a  (43e880a4 43aae000 3f730000 3a800000 ) (465.01 341.75 0.95 0.00 )
a4 80 ed 43 00 e0 aa 43 00 00 78 3f 00 00 80 3a  (43ed80a4 43aae000 3f780000 3a800000 ) (475.01 341.75 0.97 0.00 )
a4 80 e8 43 00 20 b2 43 00 00 73 3f 00 00 f0 3c  (43e880a4 43b22000 3f730000 3cf00000 ) (465.01 356.25 0.95 0.03 )
a4 80 ed 43 00 20 b2 43 00 00 78 3f 00 00 f0 3c  (43ed80a4 43b22000 3f780000 3cf00000 ) (475.01 356.25 0.97 0.03 )
6f 33 ee 43 00 60 ac 43 00 80 25 3f 00 00 1c 3d  (43ee336f 43ac6000 3f258000 3d1c0000 ) (476.40 344.75 0.65 0.04 )
6f b3 f1 43 00 60 ac 43 00 00 29 3f 00 00 1c 3d  (43f1b36f 43ac6000 3f290000 3d1c0000 ) (483.40 344.75 0.66 0.04 )
6f 33 ee 43 00 20 b2 43 00 80 25 3f 00 00 78 3d  (43ee336f 43b22000 3f258000 3d780000 ) (476.40 356.25 0.65 0.06 )
6f b3 f1 43 00 20 b2 43 00 00 29 3f 00 00 78 3d  (43f1b36f 43b22000 3f290000 3d780000 ) (483.40 356.25 0.66 0.06 )
02 d6 f1 43 00 60 ac 43 00 00 d3 3e 00 00 1c 3d  (43f1d602 43ac6000 3ed30000 3d1c0000 ) (483.67 344.75 0.41 0.04 )
02 16 f7 43 00 60 ac 43 00 80 dd 3e 00 00 1c 3d  (43f71602 43ac6000 3edd8000 3d1c0000 ) (494.17 344.75 0.43 0.04 )
02 d6 f1 43 00 60 b2 43 00 00 d3 3e 00 00 7c 3d  (43f1d602 43b26000 3ed30000 3d7c0000 ) (483.67 356.75 0.41 0.06 )
02 16 f7 43 00 60 b2 43 00 80 dd 3e 00 00 7c 3d  (43f71602 43b26000 3edd8000 3d7c0000 ) (494.17 356.75 0.43 0.06 )
55 e6 f7 43 00 a0 aa 43 00 c0 06 3f 00 00 1c 3d  (43f7e655 43aaa000 3f06c000 3d1c0000 ) (495.80 341.25 0.53 0.04 )
55 26 f9 43 00 a0 aa 43 00 00 08 3f 00 00 1c 3d  (43f92655 43aaa000 3f080000 3d1c0000 ) (498.30 341.25 0.53 0.04 )
55 e6 f7 43 00 20 b2 43 00 c0 06 3f 00 00 8a 3d  (43f7e655 43b22000 3f06c000 3d8a0000 ) (495.80 356.25 0.53 0.07 )
55 26 f9 43 00 20 b2 43 00 00 08 3f 00 00 8a 3d  (43f92655 43b22000 3f080000 3d8a0000 ) (498.30 356.25 0.53 0.07 )
70 46 fa 43 00 60 ac 43 00 80 15 3f 00 00 1c 3d  (43fa4670 43ac6000 3f158000 3d1c0000 ) (500.55 344.75 0.58 0.04 )
70 86 ff 43 00 60 ac 43 00 c0 1a 3f 00 00 1c 3d  (43ff8670 43ac6000 3f1ac000 3d1c0000 ) (511.05 344.75 0.60 0.04 )
70 46 fa 43 00 60 b2 43 00 80 15 3f 00 00 7c 3d  (43fa4670 43b26000 3f158000 3d7c0000 ) (500.55 356.75 0.58 0.06 )
70 86 ff 43 00 60 b2 43 00 c0 1a 3f 00 00 7c 3d  (43ff8670 43b26000 3f1ac000 3d7c0000 ) (511.05 356.75 0.60 0.06 )
3f 07 00 44 00 60 ac 43 00 80 aa 3e 00 00 1c 3d  (4400073f 43ac6000 3eaa8000 3d1c0000 ) (512.11 344.75 0.33 0.04 )
3f 67 02 44 00 60 ac 43 00 00 b4 3e 00 00 1c 3d  (4402673f 43ac6000 3eb40000 3d1c0000 ) (521.61 344.75 0.35 0.04 )
3f 07 00 44 00 60 b2 43 00 80 aa 3e 00 00 7c 3d  (4400073f 43b26000 3eaa8000 3d7c0000 ) (512.11 356.75 0.33 0.06 )
3f 67 02 44 00 60 b2 43 00 00 b4 3e 00 00 7c 3d  (4402673f 43b26000 3eb40000 3d7c0000 ) (521.61 356.75 0.35 0.06 )
74 ec 02 44 00 a0 aa 43 00 80 c8 3e 00 00 1c 3d  (4402ec74 43aaa000 3ec88000 3d1c0000 ) (523.69 341.25 0.39 0.04 )
74 6c 05 44 00 a0 aa 43 00 80 d2 3e 00 00 1c 3d  (44056c74 43aaa000 3ed28000 3d1c0000 ) (533.69 341.25 0.41 0.04 )
74 ec 02 44 00 60 b2 43 00 80 c8 3e 00 00 8c 3d  (4402ec74 43b26000 3ec88000 3d8c0000 ) (523.69 356.75 0.39 0.07 )
74 6c 05 44 00 60 b2 43 00 80 d2 3e 00 00 8c 3d  (44056c74 43b26000 3ed28000 3d8c0000 ) (533.69 356.75 0.41 0.07 )
3e 0c 06 44 00 a0 aa 43 00 00 fb 3e 00 00 1c 3d  (44060c3e 43aaa000 3efb0000 3d1c0000 ) (536.19 341.25 0.49 0.04 )
3e ac 06 44 00 a0 aa 43 00 80 fd 3e 00 00 1c 3d  (4406ac3e 43aaa000 3efd8000 3d1c0000 ) (538.69 341.25 0.50 0.04 )
3e 0c 06 44 00 20 b2 43 00 00 fb 3e 00 00 8a 3d  (44060c3e 43b22000 3efb0000 3d8a0000 ) (536.19 356.25 0.49 0.07 )
3e ac 06 44 00 20 b2 43 00 80 fd 3e 00 00 8a 3d  (4406ac3e 43b22000 3efd8000 3d8a0000 ) (538.69 356.25 0.50 0.07 )
4b 5c 07 44 00 60 ac 43 00 80 10 3f 00 00 1c 3d  (44075c4b 43ac6000 3f108000 3d1c0000 ) (541.44 344.75 0.56 0.04 )
4b bc 09 44 00 60 ac 43 00 40 15 3f 00 00 1c 3d  (4409bc4b 43ac6000 3f154000 3d1c0000 ) (550.94 344.75 0.58 0.04 )
4b 5c 07 44 00 20 b2 43 00 80 10 3f 00 00 78 3d  (44075c4b 43b22000 3f108000 3d780000 ) (541.44 356.25 0.56 0.06 )
4b bc 09 44 00 20 b2 43 00 40 15 3f 00 00 78 3d  (4409bc4b 43b22000 3f154000 3d780000 ) (550.94 356.25 0.58 0.06 )
e6 3a 0a 44 00 60 ac 43 00 80 e6 3e 00 00 1c 3d  (440a3ae6 43ac6000 3ee68000 3d1c0000 ) (552.92 344.75 0.45 0.04 )
e6 ba 0c 44 00 60 ac 43 00 80 f0 3e 00 00 1c 3d  (440cbae6 43ac6000 3ef08000 3d1c0000 ) (562.92 344.75 0.47 0.04 )
e6 3a 0a 44 00 20 b4 43 00 80 e6 3e 00 00 8c 3d  (440a3ae6 43b42000 3ee68000 3d8c0000 ) (552.92 360.25 0.45 0.07 )
e6 ba 0c 44 00 20 b4 43 00 80 f0 3e 00 00 8c 3d  (440cbae6 43b42000 3ef08000 3d8c0000 ) (562.92 360.25 0.47 0.07 )
af fa 0c 44 00 e0 b1 43 00 00 b8 3c 00 00 80 3a  (440cfaaf 43b1e000 3cb80000 3a800000 ) (563.92 355.75 0.02 0.00 )
af 1a 0d 44 00 e0 b1 43 00 00 c0 3c 00 00 80 3a  (440d1aaf 43b1e000 3cc00000 3a800000 ) (564.42 355.75 0.02 0.00 )
af fa 0c 44 00 20 b2 43 00 00 b8 3c 00 00 00 3b  (440cfaaf 43b22000 3cb80000 3b000000 ) (563.92 356.25 0.02 0.00 )
af 1a 0d 44 00 20 b2 43 00 00 c0 3c 00 00 00 3b  (440d1aaf 43b22000 3cc00000 3b000000 ) (564.42 356.25 0.02 0.00 )
2a bb 0e 44 00 60 ac 43 00 00 bf 3e 00 00 1c 3d  (440ebb2a 43ac6000 3ebf0000 3d1c0000 ) (570.92 344.75 0.37 0.04 )
2a fb 10 44 00 60 ac 43 00 00 c8 3e 00 00 1c 3d  (4410fb2a 43ac6000 3ec80000 3d1c0000 ) (579.92 344.75 0.39 0.04 )
2a bb 0e 44 00 60 b2 43 00 00 bf 3e 00 00 7c 3d  (440ebb2a 43b26000 3ebf0000 3d7c0000 ) (570.92 356.75 0.37 0.06 )
2a fb 10 44 00 60 b2 43 00 00 c8 3e 00 00 7c 3d  (4410fb2a 43b26000 3ec80000 3d7c0000 ) (579.92 356.75 0.39 0.06 )
30 54 11 44 00 60 ac 43 00 80 aa 3e 00 00 1c 3d  (44115430 43ac6000 3eaa8000 3d1c0000 ) (581.32 344.75 0.33 0.04 )
30 b4 13 44 00 60 ac 43 00 00 b4 3e 00 00 1c 3d  (4413b430 43ac6000 3eb40000 3d1c0000 ) (590.82 344.75 0.35 0.04 )
30 54 11 44 00 60 b2 43 00 80 aa 3e 00 00 7c 3d  (44115430 43b26000 3eaa8000 3d7c0000 ) (581.32 356.75 0.33 0.06 )
30 b4 13 44 00 60 b2 43 00 00 b4 3e 00 00 7c 3d  (4413b430 43b26000 3eb40000 3d7c0000 ) (590.82 356.75 0.35 0.06 )
65 39 14 44 00 60 ac 43 00 00 bf 3e 00 00 1c 3d  (44143965 43ac6000 3ebf0000 3d1c0000 ) (592.90 344.75 0.37 0.04 )
65 79 16 44 00 60 ac 43 00 00 c8 3e 00 00 1c 3d  (44167965 43ac6000 3ec80000 3d1c0000 ) (601.90 344.75 0.39 0.04 )
65 39 14 44 00 60 b2 43 00 00 bf 3e 00 00 7c 3d  (44143965 43b26000 3ebf0000 3d7c0000 ) (592.90 356.75 0.37 0.06 )
65 79 16 44 00 60 b2 43 00 00 c8 3e 00 00 7c 3d  (44167965 43b26000 3ec80000 3d7c0000 ) (601.90 356.75 0.39 0.06 )
6a f2 16 44 00 a0 aa 43 00 00 f1 3e 00 00 1c 3d  (4416f26a 43aaa000 3ef10000 3d1c0000 ) (603.79 341.25 0.47 0.04 )
6a 52 19 44 00 a0 aa 43 00 80 fa 3e 00 00 1c 3d  (4419526a 43aaa000 3efa8000 3d1c0000 ) (613.29 341.25 0.49 0.04 )
6a f2 16 44 00 20 b2 43 00 00 f1 3e 00 00 8a 3d  (4416f26a 43b22000 3ef10000 3d8a0000 ) (603.79 356.25 0.47 0.07 )
6a 52 19 44 00 20 b2 43 00 80 fa 3e 00 00 8a 3d  (4419526a 43b22000 3efa8000 3d8a0000 ) (613.29 356.25 0.49 0.07 )
05 d1 19 44 00 60 ac 43 00 00 d3 3e 00 00 1c 3d  (4419d105 43ac6000 3ed30000 3d1c0000 ) (615.27 344.75 0.41 0.04 )
05 71 1c 44 00 60 ac 43 00 80 dd 3e 00 00 1c 3d  (441c7105 43ac6000 3edd8000 3d1c0000 ) (625.77 344.75 0.43 0.04 )
05 d1 19 44 00 60 b2 43 00 00 d3 3e 00 00 7c 3d  (4419d105 43b26000 3ed30000 3d7c0000 ) (615.27 356.75 0.41 0.06 )
05 71 1c 44 00 60 b2 43 00 80 dd 3e 00 00 7c 3d  (441c7105 43b26000 3edd8000 3d7c0000 ) (625.77 356.75 0.43 0.06 )
2e b9 1c 44 00 a0 aa 43 00 80 c8 3e 00 00 1c 3d  (441cb92e 43aaa000 3ec88000 3d1c0000 ) (626.89 341.25 0.39 0.04 )
2e 39 1f 44 00 a0 aa 43 00 80 d2 3e 00 00 1c 3d  (441f392e 43aaa000 3ed28000 3d1c0000 ) (636.89 341.25 0.41 0.04 )
2e b9 1c 44 00 60 b2 43 00 80 c8 3e 00 00 8c 3d  (441cb92e 43b26000 3ec88000 3d8c0000 ) (626.89 356.75 0.39 0.07 )
2e 39 1f 44 00 60 b2 43 00 80 d2 3e 00 00 8c 3d  (441f392e 43b26000 3ed28000 3d8c0000 ) (636.89 356.75 0.41 0.07 )
f7 78 1f 44 00 e0 b1 43 00 00 b8 3c 00 00 80 3a  (441f78f7 43b1e000 3cb80000 3a800000 ) (637.89 355.75 0.02 0.00 )
f7 98 1f 44 00 e0 b1 43 00 00 c0 3c 00 00 80 3a  (441f98f7 43b1e000 3cc00000 3a800000 ) (638.39 355.75 0.02 0.00 )
f7 78 1f 44 00 20 b2 43 00 00 b8 3c 00 00 00 3b  (441f78f7 43b22000 3cb80000 3b000000 ) (637.89 356.25 0.02 0.00 )
f7 98 1f 44 00 20 b2 43 00 00 c0 3c 00 00 00 3b  (441f98f7 43b22000 3cc00000 3b000000 ) (638.39 356.25 0.02 0.00 )
73 39 21 44 00 60 ac 43 00 40 29 3f 00 00 1c 3d  (44213973 43ac6000 3f294000 3d1c0000 ) (644.90 344.75 0.66 0.04 )
73 59 23 44 00 60 ac 43 00 80 2d 3f 00 00 1c 3d  (44235973 43ac6000 3f2d8000 3d1c0000 ) (653.40 344.75 0.68 0.04 )
73 39 21 44 00 60 b2 43 00 40 29 3f 00 00 7c 3d  (44213973 43b26000 3f294000 3d7c0000 ) (644.90 356.75 0.66 0.06 )
73 59 23 44 00 60 b2 43 00 80 2d 3f 00 00 7c 3d  (44235973 43b26000 3f2d8000 3d7c0000 ) (653.40 356.75 0.68 0.06 )
a0 cf 23 44 00 a0 aa 43 00 00 f1 3e 00 00 1c 3d  (4423cfa0 43aaa000 3ef10000 3d1c0000 ) (655.24 341.25 0.47 0.04 )
a0 2f 26 44 00 a0 aa 43 00 80 fa 3e 00 00 1c 3d  (44262fa0 43aaa000 3efa8000 3d1c0000 ) (664.74 341.25 0.49 0.04 )
a0 cf 23 44 00 20 b2 43 00 00 f1 3e 00 00 8a 3d  (4423cfa0 43b22000 3ef10000 3d8a0000 ) (655.24 356.25 0.47 0.07 )
a0 2f 26 44 00 20 b2 43 00 80 fa 3e 00 00 8a 3d  (44262fa0 43b22000 3efa8000 3d8a0000 ) (664.74 356.25 0.49 0.07 )
3a ae 26 44 00 60 ac 43 00 80 aa 3e 00 00 1c 3d  (4426ae3a 43ac6000 3eaa8000 3d1c0000 ) (666.72 344.75 0.33 0.04 )
3a 0e 29 44 00 60 ac 43 00 00 b4 3e 00 00 1c 3d  (44290e3a 43ac6000 3eb40000 3d1c0000 ) (676.22 344.75 0.35 0.04 )
3a ae 26 44 00 60 b2 43 00 80 aa 3e 00 00 7c 3d  (4426ae3a 43b26000 3eaa8000 3d7c0000 ) (666.72 356.75 0.33 0.06 )
3a 0e 29 44 00 60 b2 43 00 00 b4 3e 00 00 7c 3d  (44290e3a 43b26000 3eb40000 3d7c0000 ) (676.22 356.75 0.35 0.06 )
70 93 29 44 00 a0 aa 43 00 80 c8 3e 00 00 1c 3d  (44299370 43aaa000 3ec88000 3d1c0000 ) (678.30 341.25 0.39 0.04 )
70 13 2c 44 00 a0 aa 43 00 80 d2 3e 00 00 1c 3d  (442c1370 43aaa000 3ed28000 3d1c0000 ) (688.30 341.25 0.41 0.04 )
70 93 29 44 00 60 b2 43 00 80 c8 3e 00 00 8c 3d  (44299370 43b26000 3ec88000 3d8c0000 ) (678.30 356.75 0.39 0.07 )
70 13 2c 44 00 60 b2 43 00 80 d2 3e 00 00 8c 3d  (442c1370 43b26000 3ed28000 3d8c0000 ) (688.30 356.75 0.41 0.07 )
39 93 2c 44 00 60 ac 43 00 00 d3 3e 00 00 1c 3d  (442c9339 43ac6000 3ed30000 3d1c0000 ) (690.30 344.75 0.41 0.04 )
39 33 2f 44 00 60 ac 43 00 80 dd 3e 00 00 1c 3d  (442f3339 43ac6000 3edd8000 3d1c0000 ) (700.80 344.75 0.43 0.04 )
39 93 2c 44 00 60 b2 43 00 00 d3 3e 00 00 7c 3d  (442c9339 43b26000 3ed30000 3d7c0000 ) (690.30 356.75 0.41 0.06 )
39 33 2f 44 00 60 b2 43 00 80 dd 3e 00 00 7c 3d  (442f3339 43b26000 3edd8000 3d7c0000 ) (700.80 356.75 0.43 0.06 )
62 9b 2f 44 00 60 ac 43 00 80 25 3f 00 00 1c 3d  (442f9b62 43ac6000 3f258000 3d1c0000 ) (702.43 344.75 0.65 0.04 )
62 5b 31 44 00 60 ac 43 00 00 29 3f 00 00 1c 3d  (44315b62 43ac6000 3f290000 3d1c0000 ) (709.43 344.75 0.66 0.04 )
62 9b 2f 44 00 20 b2 43 00 80 25 3f 00 00 78 3d  (442f9b62 43b22000 3f258000 3d780000 ) (702.43 356.25 0.65 0.06 )
62 5b 31 44 00 20 b2 43 00 00 29 3f 00 00 78 3d  (44315b62 43b22000 3f290000 3d780000 ) (709.43 356.25 0.66 0.06 )
ac 6c 31 44 00 60 ac 43 00 40 29 3f 00 00 1c 3d  (44316cac 43ac6000 3f294000 3d1c0000 ) (709.70 344.75 0.66 0.04 )
ac 8c 33 44 00 60 ac 43 00 80 2d 3f 00 00 1c 3d  (44338cac 43ac6000 3f2d8000 3d1c0000 ) (718.20 344.75 0.68 0.04 )
ac 6c 31 44 00 60 b2 43 00 40 29 3f 00 00 7c 3d  (44316cac 43b26000 3f294000 3d7c0000 ) (709.70 356.75 0.66 0.06 )
ac 8c 33 44 00 60 b2 43 00 80 2d 3f 00 00 7c 3d  (44338cac 43b26000 3f2d8000 3d7c0000 ) (718.20 356.75 0.68 0.06 )
d9 a2 33 44 00 e0 b1 43 00 00 b8 3c 00 00 80 3a  (4433a2d9 43b1e000 3cb80000 3a800000 ) (718.54 355.75 0.02 0.00 )
d9 c2 33 44 00 e0 b1 43 00 00 c0 3c 00 00 80 3a  (4433c2d9 43b1e000 3cc00000 3a800000 ) (719.04 355.75 0.02 0.00 )
d9 a2 33 44 00 20 b2 43 00 00 b8 3c 00 00 00 3b  (4433a2d9 43b22000 3cb80000 3b000000 ) (718.54 356.25 0.02 0.00 )
d9 c2 33 44 00 20 b2 43 00 00 c0 3c 00 00 00 3b  (4433c2d9 43b22000 3cc00000 3b000000 ) (719.04 356.25 0.02 0.00 )
54 23 35 44 00 a0 aa 43 00 00 de 3e 00 00 1c 3d  (44352354 43aaa000 3ede0000 3d1c0000 ) (724.55 341.25 0.43 0.04 )
54 23 37 44 00 a0 aa 43 00 00 e6 3e 00 00 1c 3d  (44372354 43aaa000 3ee60000 3d1c0000 ) (732.55 341.25 0.45 0.04 )
54 23 35 44 00 20 b2 43 00 00 de 3e 00 00 8a 3d  (44352354 43b22000 3ede0000 3d8a0000 ) (724.55 356.25 0.43 0.07 )
54 23 37 44 00 20 b2 43 00 00 e6 3e 00 00 8a 3d  (44372354 43b22000 3ee60000 3d8a0000 ) (732.55 356.25 0.45 0.07 )
28 2d 37 44 00 60 ac 43 00 80 25 3f 00 00 1c 3d  (44372d28 43ac6000 3f258000 3d1c0000 ) (732.71 344.75 0.65 0.04 )
28 ed 38 44 00 60 ac 43 00 00 29 3f 00 00 1c 3d  (4438ed28 43ac6000 3f290000 3d1c0000 ) (739.71 344.75 0.66 0.04 )
28 2d 37 44 00 20 b2 43 00 80 25 3f 00 00 78 3d  (44372d28 43b22000 3f258000 3d780000 ) (732.71 356.25 0.65 0.06 )
28 ed 38 44 00 20 b2 43 00 00 29 3f 00 00 78 3d  (4438ed28 43b22000 3f290000 3d780000 ) (739.71 356.25 0.66 0.06 )
72 fe 38 44 00 60 ac 43 00 80 15 3f 00 00 1c 3d  (4438fe72 43ac6000 3f158000 3d1c0000 ) (739.98 344.75 0.58 0.04 )
72 9e 3b 44 00 60 ac 43 00 c0 1a 3f 00 00 1c 3d  (443b9e72 43ac6000 3f1ac000 3d1c0000 ) (750.48 344.75 0.60 0.04 )
72 fe 38 44 00 60 b2 43 00 80 15 3f 00 00 7c 3d  (4438fe72 43b26000 3f158000 3d7c0000 ) (739.98 356.75 0.58 0.06 )
72 9e 3b 44 00 60 b2 43 00 c0 1a 3f 00 00 7c 3d  (443b9e72 43b26000 3f1ac000 3d7c0000 ) (750.48 356.75 0.60 0.06 )
79 02 3c 44 00 60 ac 43 00 40 08 3f 00 00 1c 3d  (443c0279 43ac6000 3f084000 3d1c0000 ) (752.04 344.75 0.53 0.04 )
79 02 40 44 00 60 ac 43 00 40 10 3f 00 00 1c 3d  (44400279 43ac6000 3f104000 3d1c0000 ) (768.04 344.75 0.56 0.04 )
79 02 3c 44 00 20 b2 43 00 40 08 3f 00 00 78 3d  (443c0279 43b22000 3f084000 3d780000 ) (752.04 356.25 0.53 0.06 )
79 02 40 44 00 20 b2 43 00 40 10 3f 00 00 78 3d  (44400279 43b22000 3f104000 3d780000 ) (768.04 356.25 0.56 0.06 )
ba 3c 40 44 00 e0 b1 43 00 00 b8 3c 00 00 80 3a  (44403cba 43b1e000 3cb80000 3a800000 ) (768.95 355.75 0.02 0.00 )
ba 5c 40 44 00 e0 b1 43 00 00 c0 3c 00 00 80 3a  (44405cba 43b1e000 3cc00000 3a800000 ) (769.45 355.75 0.02 0.00 )
ba 3c 40 44 00 20 b2 43 00 00 b8 3c 00 00 00 3b  (44403cba 43b22000 3cb80000 3b000000 ) (768.95 356.25 0.02 0.00 )
ba 5c 40 44 00 20 b2 43 00 00 c0 3c 00 00 00 3b  (44405cba 43b22000 3cc00000 3b000000 ) (769.45 356.25 0.02 0.00 )
36 fd 41 44 00 a0 aa 43 00 80 c8 3e 00 00 1c 3d  (4441fd36 43aaa000 3ec88000 3d1c0000 ) (775.96 341.25 0.39 0.04 )
36 7d 44 44 00 a0 aa 43 00 80 d2 3e 00 00 1c 3d  (44447d36 43aaa000 3ed28000 3d1c0000 ) (785.96 341.25 0.41 0.04 )
36 fd 41 44 00 60 b2 43 00 80 c8 3e 00 00 8c 3d  (4441fd36 43b26000 3ec88000 3d8c0000 ) (775.96 356.75 0.39 0.07 )
36 7d 44 44 00 60 b2 43 00 80 d2 3e 00 00 8c 3d  (44447d36 43b26000 3ed28000 3d8c0000 ) (785.96 356.75 0.41 0.07 )
ff 1c 45 44 00 a0 aa 43 00 00 fb 3e 00 00 1c 3d  (44451cff 43aaa000 3efb0000 3d1c0000 ) (788.45 341.25 0.49 0.04 )
ff bc 45 44 00 a0 aa 43 00 80 fd 3e 00 00 1c 3d  (4445bcff 43aaa000 3efd8000 3d1c0000 ) (790.95 341.25 0.50 0.04 )
ff 1c 45 44 00 20 b2 43 00 00 fb 3e 00 00 8a 3d  (44451cff 43b22000 3efb0000 3d8a0000 ) (788.45 356.25 0.49 0.07 )
ff bc 45 44 00 20 b2 43 00 80 fd 3e 00 00 8a 3d  (4445bcff 43b22000 3efd8000 3d8a0000 ) (790.95 356.25 0.50 0.07 )
0c 4d 46 44 00 60 ac 43 00 40 29 3f 00 00 1c 3d  (44464d0c 43ac6000 3f294000 3d1c0000 ) (793.20 344.75 0.66 0.04 )
0c 6d 48 44 00 60 ac 43 00 80 2d 3f 00 00 1c 3d  (44486d0c 43ac6000 3f2d8000 3d1c0000 ) (801.70 344.75 0.68 0.04 )
0c 4d 46 44 00 60 b2 43 00 40 29 3f 00 00 7c 3d  (44464d0c 43b26000 3f294000 3d7c0000 ) (793.20 356.75 0.66 0.06 )
0c 6d 48 44 00 60 b2 43 00 80 2d 3f 00 00 7c 3d  (44486d0c 43b26000 3f2d8000 3d7c0000 ) (801.70 356.75 0.68 0.06 )
39 e3 48 44 00 a0 aa 43 00 80 01 3f 00 00 1c 3d  (4448e339 43aaa000 3f018000 3d1c0000 ) (803.55 341.25 0.51 0.04 )
39 63 4b 44 00 a0 aa 43 00 80 06 3f 00 00 1c 3d  (444b6339 43aaa000 3f068000 3d1c0000 ) (813.55 341.25 0.53 0.04 )
39 e3 48 44 00 20 b2 43 00 80 01 3f 00 00 8a 3d  (4448e339 43b22000 3f018000 3d8a0000 ) (803.55 356.25 0.51 0.07 )
39 63 4b 44 00 20 b2 43 00 80 06 3f 00 00 8a 3d  (444b6339 43b22000 3f068000 3d8a0000 ) (813.55 356.25 0.53 0.07 )
ae bf 4b 44 00 a0 b0 43 00 00 7c 3e 00 00 80 3a  (444bbfae 43b0a000 3e7c0000 3a800000 ) (814.99 353.25 0.25 0.00 )
ae 5f 4c 44 00 a0 b0 43 00 80 80 3e 00 00 80 3a  (444c5fae 43b0a000 3e808000 3a800000 ) (817.49 353.25 0.25 0.00 )
ae bf 4b 44 00 20 b2 43 00 00 7c 3e 00 00 e0 3b  (444bbfae 43b22000 3e7c0000 3be00000 ) (814.99 356.25 0.25 0.01 )
ae 5f 4c 44 00 20 b2 43 00 80 80 3e 00 00 e0 3b  (444c5fae 43b22000 3e808000 3be00000 ) (817.49 356.25 0.25 0.01 )
4f 0e 11 44 00 e0 b6 43 00 00 73 3f 00 00 80 3a  (44110e4f 43b6e000 3f730000 3a800000 ) (580.22 365.75 0.95 0.00 )
4f 8e 13 44 00 e0 b6 43 00 00 78 3f 00 00 80 3a  (44138e4f 43b6e000 3f780000 3a800000 ) (590.22 365.75 0.97 0.00 )
4f 0e 11 44 00 20 be 43 00 00 73 3f 00 00 f0 3c  (44110e4f 43be2000 3f730000 3cf00000 ) (580.22 380.25 0.95 0.03 )
4f 8e 13 44 00 20 be 43 00 00 78 3f 00 00 f0 3c  (44138e4f 43be2000 3f780000 3cf00000 ) (590.22 380.25 0.97 0.03 )
b4 e7 13 44 00 a0 b6 43 00 c0 06 3f 00 00 1c 3d  (4413e7b4 43b6a000 3f06c000 3d1c0000 ) (591.62 365.25 0.53 0.04 )
b4 87 14 44 00 a0 b6 43 00 00 08 3f 00 00 1c 3d  (441487b4 43b6a000 3f080000 3d1c0000 ) (594.12 365.25 0.53 0.04 )
b4 e7 13 44 00 20 be 43 00 c0 06 3f 00 00 8a 3d  (4413e7b4 43be2000 3f06c000 3d8a0000 ) (591.62 380.25 0.53 0.07 )
b4 87 14 44 00 20 be 43 00 00 08 3f 00 00 8a 3d  (441487b4 43be2000 3f080000 3d8a0000 ) (594.12 380.25 0.53 0.07 )
c2 17 15 44 00 60 b8 43 00 00 d3 3e 00 00 1c 3d  (441517c2 43b86000 3ed30000 3d1c0000 ) (596.37 368.75 0.41 0.04 )
c2 b7 17 44 00 60 b8 43 00 80 dd 3e 00 00 1c 3d  (4417b7c2 43b86000 3edd8000 3d1c0000 ) (606.87 368.75 0.43 0.04 )
c2 17 15 44 00 60 be 43 00 00 d3 3e 00 00 7c 3d  (441517c2 43be6000 3ed30000 3d7c0000 ) (596.37 380.75 0.41 0.06 )
c2 b7 17 44 00 60 be 43 00 80 dd 3e 00 00 7c 3d  (4417b7c2 43be6000 3edd8000 3d7c0000 ) (606.87 380.75 0.43 0.06 )
eb ff 17 44 00 60 b8 43 00 80 aa 3e 00 00 1c 3d  (4417ffeb 43b86000 3eaa8000 3d1c0000 ) (608.00 368.75 0.33 0.04 )
eb 5f 1a 44 00 60 b8 43 00 00 b4 3e 00 00 1c 3d  (441a5feb 43b86000 3eb40000 3d1c0000 ) (617.50 368.75 0.35 0.04 )
eb ff 17 44 00 60 be 43 00 80 aa 3e 00 00 7c 3d  (4417ffeb 43be6000 3eaa8000 3d7c0000 ) (608.00 380.75 0.33 0.06 )
eb 5f 1a 44 00 60 be 43 00 00 b4 3e 00 00 7c 3d  (441a5feb 43be6000 3eb40000 3d7c0000 ) (617.50 380.75 0.35 0.06 )
20 e5 1a 44 00 60 b8 43 00 40 29 3f 00 00 1c 3d  (441ae520 43b86000 3f294000 3d1c0000 ) (619.58 368.75 0.66 0.04 )
20 05 1d 44 00 60 b8 43 00 80 2d 3f 00 00 1c 3d  (441d0520 43b86000 3f2d8000 3d1c0000 ) (628.08 368.75 0.68 0.04 )
20 e5 1a 44 00 60 be 43 00 40 29 3f 00 00 7c 3d  (441ae520 43be6000 3f294000 3d7c0000 ) (619.58 380.75 0.66 0.06 )
20 05 1d 44 00 60 be 43 00 80 2d 3f 00 00 7c 3d  (441d0520 43be6000 3f2d8000 3d7c0000 ) (628.08 380.75 0.68 0.06 )
4d 5b 1d 44 00 60 b8 43 00 00 d3 3e 00 00 1c 3d  (441d5b4d 43b86000 3ed30000 3d1c0000 ) (629.43 368.75 0.41 0.04 )
4d fb 1f 44 00 60 b8 43 00 80 dd 3e 00 00 1c 3d  (441ffb4d 43b86000 3edd8000 3d1c0000 ) (639.93 368.75 0.43 0.04 )
4d 5b 1d 44 00 60 be 43 00 00 d3 3e 00 00 7c 3d  (441d5b4d 43be6000 3ed30000 3d7c0000 ) (629.43 380.75 0.41 0.06 )
4d fb 1f 44 00 60 be 43 00 80 dd 3e 00 00 7c 3d  (441ffb4d 43be6000 3edd8000 3d7c0000 ) (639.93 380.75 0.43 0.06 )
76 03 20 44 00 e0 bd 43 00 00 b8 3c 00 00 80 3a  (44200376 43bde000 3cb80000 3a800000 ) (640.05 379.75 0.02 0.00 )
76 23 20 44 00 e0 bd 43 00 00 c0 3c 00 00 80 3a  (44202376 43bde000 3cc00000 3a800000 ) (640.55 379.75 0.02 0.00 )
76 03 20 44 00 20 be 43 00 00 b8 3c 00 00 00 3b  (44200376 43be2000 3cb80000 3b000000 ) (640.05 380.25 0.02 0.00 )
76 23 20 44 00 20 be 43 00 00 c0 3c 00 00 00 3b  (44202376 43be2000 3cc00000 3b000000 ) (640.55 380.25 0.02 0.00 )
f2 a3 21 44 00 a0 b8 43 00 40 3c 3f 00 00 1c 3d  (4421a3f2 43b8a000 3f3c4000 3d1c0000 ) (646.56 369.25 0.74 0.04 )
f2 63 25 44 00 a0 b8 43 00 c0 43 3f 00 00 1c 3d  (442563f2 43b8a000 3f43c000 3d1c0000 ) (661.56 369.25 0.76 0.04 )
f2 a3 21 44 00 20 be 43 00 40 3c 3f 00 00 74 3d  (4421a3f2 43be2000 3f3c4000 3d740000 ) (646.56 380.25 0.74 0.06 )
f2 63 25 44 00 20 be 43 00 c0 43 3f 00 00 74 3d  (442563f2 43be2000 3f43c000 3d740000 ) (661.56 380.25 0.76 0.06 )
35 a1 25 44 00 60 b8 43 00 80 aa 3e 00 00 1c 3d  (4425a135 43b86000 3eaa8000 3d1c0000 ) (662.52 368.75 0.33 0.04 )
35 01 28 44 00 60 b8 43 00 00 b4 3e 00 00 1c 3d  (44280135 43b86000 3eb40000 3d1c0000 ) (672.02 368.75 0.35 0.04 )
35 a1 25 44 00 60 be 43 00 80 aa 3e 00 00 7c 3d  (4425a135 43be6000 3eaa8000 3d7c0000 ) (662.52 380.75 0.33 0.06 )
35 01 28 44 00 60 be 43 00 00 b4 3e 00 00 7c 3d  (44280135 43be6000 3eb40000 3d7c0000 ) (672.02 380.75 0.35 0.06 )
6a a6 28 44 00 a0 b6 43 00 00 fb 3e 00 00 1c 3d  (4428a66a 43b6a000 3efb0000 3d1c0000 ) (674.60 365.25 0.49 0.04 )
6a 46 29 44 00 a0 b6 43 00 80 fd 3e 00 00 1c 3d  (4429466a 43b6a000 3efd8000 3d1c0000 ) (677.10 365.25 0.50 0.04 )
6a a6 28 44 00 20 be 43 00 00 fb 3e 00 00 8a 3d  (4428a66a 43be2000 3efb0000 3d8a0000 ) (674.60 380.25 0.49 0.07 )
6a 46 29 44 00 20 be 43 00 80 fd 3e 00 00 8a 3d  (4429466a 43be2000 3efd8000 3d8a0000 ) (677.10 380.25 0.50 0.07 )
78 b6 29 44 00 20 b7 43 00 c0 2d 3f 00 00 1c 3d  (4429b678 43b72000 3f2dc000 3d1c0000 ) (678.85 366.25 0.68 0.04 )
78 76 2b 44 00 20 b7 43 00 40 31 3f 00 00 1c 3d  (442b7678 43b72000 3f314000 3d1c0000 ) (685.85 366.25 0.69 0.04 )
78 b6 29 44 00 20 be 43 00 c0 2d 3f 00 00 86 3d  (4429b678 43be2000 3f2dc000 3d860000 ) (678.85 380.25 0.68 0.07 )
78 76 2b 44 00 20 be 43 00 40 31 3f 00 00 86 3d  (442b7678 43be2000 3f314000 3d860000 ) (685.85 380.25 0.69 0.07 )
ba f0 2b 44 00 a0 bc 43 00 00 7c 3e 00 00 80 3a  (442bf0ba 43bca000 3e7c0000 3a800000 ) (687.76 377.25 0.25 0.00 )
ba 90 2c 44 00 a0 bc 43 00 80 80 3e 00 00 80 3a  (442c90ba 43bca000 3e808000 3a800000 ) (690.26 377.25 0.25 0.00 )
ba f0 2b 44 00 20 be 43 00 00 7c 3e 00 00 e0 3b  (442bf0ba 43be2000 3e7c0000 3be00000 ) (687.76 380.25 0.25 0.01 )
ba 90 2c 44 00 20 be 43 00 80 80 3e 00 00 e0 3b  (442c90ba 43be2000 3e808000 3be00000 ) (690.26 380.25 0.25 0.01 )
35 71 2d 44 00 a0 bc 43 00 00 7c 3e 00 00 80 3a  (442d7135 43bca000 3e7c0000 3a800000 ) (693.77 377.25 0.25 0.00 )
35 11 2e 44 00 a0 bc 43 00 80 80 3e 00 00 80 3a  (442e1135 43bca000 3e808000 3a800000 ) (696.27 377.25 0.25 0.00 )
35 71 2d 44 00 20 be 43 00 00 7c 3e 00 00 e0 3b  (442d7135 43be2000 3e7c0000 3be00000 ) (693.77 380.25 0.25 0.01 )
35 11 2e 44 00 20 be 43 00 80 80 3e 00 00 e0 3b  (442e1135 43be2000 3e808000 3be00000 ) (696.27 380.25 0.25 0.01 )
b1 f1 2e 44 00 a0 bc 43 00 00 7c 3e 00 00 80 3a  (442ef1b1 43bca000 3e7c0000 3a800000 ) (699.78 377.25 0.25 0.00 )
b1 91 2f 44 00 a0 bc 43 00 80 80 3e 00 00 80 3a  (442f91b1 43bca000 3e808000 3a800000 ) (702.28 377.25 0.25 0.00 )
b1 f1 2e 44 00 20 be 43 00 00 7c 3e 00 00 e0 3b  (442ef1b1 43be2000 3e7c0000 3be00000 ) (699.78 380.25 0.25 0.01 )
b1 91 2f 44 00 20 be 43 00 80 80 3e 00 00 e0 3b  (442f91b1 43be2000 3e808000 3be00000 ) (702.28 380.25 0.25 0.01 )
**********glBindVertexArray 2***********
**********glBindVertexArray 1***********
glNamedBufferData: 10 64 0x7f6b88e0b520 35040
00 00 70 43 00 80 dc 43 00 00 00 00 00 00 00 00  (43700000 43dc8000 00000000 00000000 ) (240.00 441.00 0.00 0.00 )
00 00 82 44 00 80 dc 43 00 00 80 3f 00 00 00 00  (44820000 43dc8000 3f800000 00000000 ) (1040.00 441.00 1.00 0.00 )
00 00 70 43 00 80 de 43 00 00 00 00 00 00 80 3f  (43700000 43de8000 00000000 3f800000 ) (240.00 445.00 0.00 1.00 )
00 00 82 44 00 80 de 43 00 00 80 3f 00 00 80 3f  (44820000 43de8000 3f800000 3f800000 ) (1040.00 445.00 1.00 1.00 )
**********glBindVertexArray 2***********
**********glBindVertexArray 1***********
glNamedBufferData: 10 64 0x7f6b88f299e0 35040
00 00 70 43 00 00 ce 43 00 00 00 00 00 00 00 00  (43700000 43ce0000 00000000 00000000 ) (240.00 412.00 0.00 0.00 )
00 00 82 44 00 00 ce 43 00 00 80 3f 00 00 00 00  (44820000 43ce0000 3f800000 00000000 ) (1040.00 412.00 1.00 0.00 )
00 00 70 43 00 00 d6 43 00 00 00 00 00 00 80 3f  (43700000 43d60000 00000000 3f800000 ) (240.00 428.00 0.00 1.00 )
00 00 82 44 00 00 d6 43 00 00 80 3f 00 00 80 3f  (44820000 43d60000 3f800000 3f800000 ) (1040.00 428.00 1.00 1.00 )
**********glBindVertexArray 2***********
**********glBindVertexArray 1***********
glNamedBufferData: 10 1984 0x7f6b88e6a340 35040
ef c1 05 44 00 a0 d0 43 00 c0 28 3f 00 00 80 3a  (4405c1ef 43d0a000 3f28c000 3a800000 ) (535.03 417.25 0.66 0.00 )
ef a1 07 44 00 a0 d0 43 00 80 2c 3f 00 00 80 3a  (4407a1ef 43d0a000 3f2c8000 3a800000 ) (542.53 417.25 0.67 0.00 )
ef c1 05 44 00 20 d6 43 00 c0 28 3f 00 00 b8 3c  (4405c1ef 43d62000 3f28c000 3cb80000 ) (535.03 428.25 0.66 0.02 )
ef a1 07 44 00 20 d6 43 00 80 2c 3f 00 00 b8 3c  (4407a1ef 43d62000 3f2c8000 3cb80000 ) (542.53 428.25 0.67 0.02 )
07 8c 07 44 00 e0 d1 43 00 00 7c 3e 00 00 f0 3c  (44078c07 43d1e000 3e7c0000 3cf00000 ) (542.19 419.75 0.25 0.03 )
07 8c 09 44 00 e0 d1 43 00 00 86 3e 00 00 f0 3c  (44098c07 43d1e000 3e860000 3cf00000 ) (550.19 419.75 0.26 0.03 )
07 8c 07 44 00 60 d6 43 00 00 7c 3e 00 00 40 3d  (44078c07 43d66000 3e7c0000 3d400000 ) (542.19 428.75 0.25 0.05 )
07 8c 09 44 00 60 d6 43 00 00 86 3e 00 00 40 3d  (44098c07 43d66000 3e860000 3d400000 ) (550.19 428.75 0.26 0.05 )
3a a6 09 44 00 e0 d1 43 00 00 44 3d 00 00 f0 3c  (4409a63a 43d1e000 3d440000 3cf00000 ) (550.60 419.75 0.05 0.03 )
3a 86 0b 44 00 e0 d1 43 00 00 80 3d 00 00 f0 3c  (440b863a 43d1e000 3d800000 3cf00000 ) (558.10 419.75 0.06 0.03 )
3a a6 09 44 00 60 d6 43 00 00 44 3d 00 00 40 3d  (4409a63a 43d66000 3d440000 3d400000 ) (550.60 428.75 0.05 0.05 )
3a 86 0b 44 00 60 d6 43 00 00 80 3d 00 00 40 3d  (440b863a 43d66000 3d800000 3d400000 ) (558.10 428.75 0.06 0.05 )
4a c1 0b 44 00 a0 d0 43 00 00 c0 3d 00 00 f0 3c  (440bc14a 43d0a000 3dc00000 3cf00000 ) (559.02 417.25 0.09 0.03 )
4a a1 0d 44 00 a0 d0 43 00 00 de 3d 00 00 f0 3c  (440da14a 43d0a000 3dde0000 3cf00000 ) (566.52 417.25 0.11 0.03 )
4a c1 0b 44 00 60 d6 43 00 00 c0 3d 00 00 54 3d  (440bc14a 43d66000 3dc00000 3d540000 ) (559.02 428.75 0.09 0.05 )
4a a1 0d 44 00 60 d6 43 00 00 de 3d 00 00 54 3d  (440da14a 43d66000 3dde0000 3d540000 ) (566.52 428.75 0.11 0.05 )
ae 0f 0e 44 00 a0 d0 43 00 00 2e 3e 00 00 f0 3c  (440e0fae 43d0a000 3e2e0000 3cf00000 ) (568.24 417.25 0.17 0.03 )
ae af 0e 44 00 a0 d0 43 00 00 33 3e 00 00 f0 3c  (440eafae 43d0a000 3e330000 3cf00000 ) (570.74 417.25 0.17 0.03 )
ae 0f 0e 44 00 20 d6 43 00 00 2e 3e 00 00 50 3d  (440e0fae 43d62000 3e2e0000 3d500000 ) (568.24 428.25 0.17 0.05 )
ae af 0e 44 00 20 d6 43 00 00 33 3e 00 00 50 3d  (440eafae 43d62000 3e330000 3d500000 ) (570.74 428.25 0.17 0.05 )
15 04 0f 44 00 e0 d1 43 00 00 6c 3e 00 00 f0 3c  (440f0415 43d1e000 3e6c0000 3cf00000 ) (572.06 419.75 0.23 0.03 )
15 e4 10 44 00 e0 d1 43 00 00 7b 3e 00 00 f0 3c  (4410e415 43d1e000 3e7b0000 3cf00000 ) (579.56 419.75 0.25 0.03 )
15 04 0f 44 00 20 d6 43 00 00 6c 3e 00 00 3c 3d  (440f0415 43d62000 3e6c0000 3d3c0000 ) (572.06 428.25 0.23 0.05 )
15 e4 10 44 00 20 d6 43 00 00 7b 3e 00 00 3c 3d  (4410e415 43d62000 3e7b0000 3d3c0000 ) (579.56 428.25 0.25 0.05 )
9c 11 11 44 00 e0 d1 43 00 00 0e 3e 00 00 f0 3c  (4411119c 43d1e000 3e0e0000 3cf00000 ) (580.28 419.75 0.14 0.03 )
9c f1 12 44 00 e0 d1 43 00 00 1d 3e 00 00 f0 3c  (4412f19c 43d1e000 3e1d0000 3cf00000 ) (587.78 419.75 0.15 0.03 )
9c 11 11 44 00 a0 d7 43 00 00 0e 3e 00 00 54 3d  (4411119c 43d7a000 3e0e0000 3d540000 ) (580.28 431.25 0.14 0.05 )
9c f1 12 44 00 a0 d7 43 00 00 1d 3e 00 00 54 3d  (4412f19c 43d7a000 3e1d0000 3d540000 ) (587.78 431.25 0.15 0.05 )
00 20 13 44 00 e0 d5 43 00 00 90 3c 00 00 80 3a  (44132000 43d5e000 3c900000 3a800000 ) (588.50 427.75 0.02 0.00 )
00 40 13 44 00 e0 d5 43 00 00 98 3c 00 00 80 3a  (44134000 43d5e000 3c980000 3a800000 ) (589.00 427.75 0.02 0.00 )
00 20 13 44 00 20 d6 43 00 00 90 3c 00 00 00 3b  (44132000 43d62000 3c900000 3b000000 ) (588.50 428.25 0.02 0.00 )
00 40 13 44 00 20 d6 43 00 00 98 3c 00 00 00 3b  (44134000 43d62000 3c980000 3b000000 ) (589.00 428.25 0.02 0.00 )
a0 77 14 44 00 e0 d1 43 00 80 86 3e 00 00 f0 3c  (441477a0 43d1e000 3e868000 3cf00000 ) (593.87 419.75 0.26 0.03 )
a0 57 16 44 00 e0 d1 43 00 00 8e 3e 00 00 f0 3c  (441657a0 43d1e000 3e8e0000 3cf00000 ) (601.37 419.75 0.28 0.03 )
a0 77 14 44 00 a0 d7 43 00 80 86 3e 00 00 54 3d  (441477a0 43d7a000 3e868000 3d540000 ) (593.87 431.25 0.26 0.05 )
a0 57 16 44 00 a0 d7 43 00 00 8e 3e 00 00 54 3d  (441657a0 43d7a000 3e8e0000 3d540000 ) (601.37 431.25 0.28 0.05 )
04 a6 16 44 00 a0 d0 43 00 00 2e 3e 00 00 f0 3c  (4416a604 43d0a000 3e2e0000 3cf00000 ) (602.59 417.25 0.17 0.03 )
04 46 17 44 00 a0 d0 43 00 00 33 3e 00 00 f0 3c  (44174604 43d0a000 3e330000 3cf00000 ) (605.09 417.25 0.17 0.03 )
04 a6 16 44 00 20 d6 43 00 00 2e 3e 00 00 50 3d  (4416a604 43d62000 3e2e0000 3d500000 ) (602.59 428.25 0.17 0.05 )
04 46 17 44 00 20 d6 43 00 00 33 3e 00 00 50 3d  (44174604 43d62000 3e330000 3d500000 ) (605.09 428.25 0.17 0.05 )
6b 9a 17 44 00 e0 d1 43 00 80 86 3e 00 00 f0 3c  (44179a6b 43d1e000 3e868000 3cf00000 ) (606.41 419.75 0.26 0.03 )
6b 7a 19 44 00 e0 d1 43 00 00 8e 3e 00 00 f0 3c  (44197a6b 43d1e000 3e8e0000 3cf00000 ) (613.91 419.75 0.28 0.03 )
6b 9a 17 44 00 a0 d7 43 00 80 86 3e 00 00 54 3d  (44179a6b 43d7a000 3e868000 3d540000 ) (606.41 431.25 0.26 0.05 )
6b 7a 19 44 00 a0 d7 43 00 00 8e 3e 00 00 54 3d  (44197a6b 43d7a000 3e8e0000 3d540000 ) (613.91 431.25 0.28 0.05 )
ce a8 19 44 00 e0 d1 43 00 00 e0 3d 00 00 f0 3c  (4419a8ce 43d1e000 3de00000 3cf00000 ) (614.64 419.75 0.11 0.03 )
ce a8 1b 44 00 e0 d1 43 00 00 00 3e 00 00 f0 3c  (441ba8ce 43d1e000 3e000000 3cf00000 ) (622.64 419.75 0.12 0.03 )
ce a8 19 44 00 60 d6 43 00 00 e0 3d 00 00 40 3d  (4419a8ce 43d66000 3de00000 3d400000 ) (614.64 428.75 0.11 0.05 )
ce a8 1b 44 00 60 d6 43 00 00 00 3e 00 00 40 3d  (441ba8ce 43d66000 3e000000 3d400000 ) (622.64 428.75 0.12 0.05 )
04 e6 1b 44 00 a0 d0 43 00 00 4d 3e 00 00 f0 3c  (441be604 43d0a000 3e4d0000 3cf00000 ) (623.59 417.25 0.20 0.03 )
04 86 1c 44 00 a0 d0 43 00 00 52 3e 00 00 f0 3c  (441c8604 43d0a000 3e520000 3cf00000 ) (626.09 417.25 0.21 0.03 )
04 e6 1b 44 00 20 d6 43 00 00 4d 3e 00 00 50 3d  (441be604 43d62000 3e4d0000 3d500000 ) (623.59 428.25 0.20 0.05 )
04 86 1c 44 00 20 d6 43 00 00 52 3e 00 00 50 3d  (441c8604 43d62000 3e520000 3d500000 ) (626.09 428.25 0.21 0.05 )
6b da 1c 44 00 a0 d0 43 00 00 2e 3e 00 00 f0 3c  (441cda6b 43d0a000 3e2e0000 3cf00000 ) (627.41 417.25 0.17 0.03 )
6b 7a 1d 44 00 a0 d0 43 00 00 33 3e 00 00 f0 3c  (441d7a6b 43d0a000 3e330000 3cf00000 ) (629.91 417.25 0.17 0.03 )
6b da 1c 44 00 20 d6 43 00 00 2e 3e 00 00 50 3d  (441cda6b 43d62000 3e2e0000 3d500000 ) (627.41 428.25 0.17 0.05 )
6b 7a 1d 44 00 20 d6 43 00 00 33 3e 00 00 50 3d  (441d7a6b 43d62000 3e330000 3d500000 ) (629.91 428.25 0.17 0.05 )
d2 ce 1d 44 00 e0 d1 43 00 00 6c 3e 00 00 f0 3c  (441dced2 43d1e000 3e6c0000 3cf00000 ) (631.23 419.75 0.23 0.03 )
d2 ae 1f 44 00 e0 d1 43 00 00 7b 3e 00 00 f0 3c  (441faed2 43d1e000 3e7b0000 3cf00000 ) (638.73 419.75 0.25 0.03 )
d2 ce 1d 44 00 20 d6 43 00 00 6c 3e 00 00 3c 3d  (441dced2 43d62000 3e6c0000 3d3c0000 ) (631.23 428.25 0.23 0.05 )
d2 ae 1f 44 00 20 d6 43 00 00 7b 3e 00 00 3c 3d  (441faed2 43d62000 3e7b0000 3d3c0000 ) (638.73 428.25 0.25 0.05 )
5a dc 1f 44 00 e0 d1 43 00 00 e0 3d 00 00 f0 3c  (441fdc5a 43d1e000 3de00000 3cf00000 ) (639.44 419.75 0.11 0.03 )
5a dc 21 44 00 e0 d1 43 00 00 00 3e 00 00 f0 3c  (4421dc5a 43d1e000 3e000000 3cf00000 ) (647.44 419.75 0.12 0.03 )
5a dc 1f 44 00 60 d6 43 00 00 e0 3d 00 00 40 3d  (441fdc5a 43d66000 3de00000 3d400000 ) (639.44 428.75 0.11 0.05 )
5a dc 21 44 00 60 d6 43 00 00 00 3e 00 00 40 3d  (4421dc5a 43d66000 3e000000 3d400000 ) (647.44 428.75 0.12 0.05 )
8f d9 21 44 00 e0 d5 43 00 00 90 3c 00 00 80 3a  (4421d98f 43d5e000 3c900000 3a800000 ) (647.40 427.75 0.02 0.00 )
8f f9 21 44 00 e0 d5 43 00 00 98 3c 00 00 80 3a  (4421f98f 43d5e000 3c980000 3a800000 ) (647.90 427.75 0.02 0.00 )
8f d9 21 44 00 20 d6 43 00 00 90 3c 00 00 00 3b  (4421d98f 43d62000 3c900000 3b000000 ) (647.40 428.25 0.02 0.00 )
8f f9 21 44 00 20 d6 43 00 00 98 3c 00 00 00 3b  (4421f98f 43d62000 3c980000 3b000000 ) (647.90 428.25 0.02 0.00 )
2f 11 23 44 00 e0 d1 43 00 00 7c 3e 00 00 f0 3c  (4423112f 43d1e000 3e7c0000 3cf00000 ) (652.27 419.75 0.25 0.03 )
2f 11 25 44 00 e0 d1 43 00 00 86 3e 00 00 f0 3c  (4425112f 43d1e000 3e860000 3cf00000 ) (660.27 419.75 0.26 0.03 )
2f 11 23 44 00 60 d6 43 00 00 7c 3e 00 00 40 3d  (4423112f 43d66000 3e7c0000 3d400000 ) (652.27 428.75 0.25 0.05 )
2f 11 25 44 00 60 d6 43 00 00 86 3e 00 00 40 3d  (4425112f 43d66000 3e860000 3d400000 ) (660.27 428.75 0.26 0.05 )
62 4b 25 44 00 a0 d0 43 00 00 82 3d 00 00 f0 3c  (44254b62 43d0a000 3d820000 3cf00000 ) (661.18 417.25 0.06 0.03 )
62 2b 27 44 00 a0 d0 43 00 00 a0 3d 00 00 f0 3c  (44272b62 43d0a000 3da00000 3cf00000 ) (668.68 417.25 0.08 0.03 )
62 4b 25 44 00 60 d6 43 00 00 82 3d 00 00 54 3d  (44254b62 43d66000 3d820000 3d540000 ) (661.18 428.75 0.06 0.05 )
62 2b 27 44 00 60 d6 43 00 00 a0 3d 00 00 54 3d  (44272b62 43d66000 3da00000 3d540000 ) (668.68 428.75 0.08 0.05 )
c6 19 27 44 00 a0 d0 43 00 00 34 3e 00 00 f0 3c  (442719c6 43d0a000 3e340000 3cf00000 ) (668.40 417.25 0.18 0.03 )
c6 19 28 44 00 a0 d0 43 00 00 3c 3e 00 00 f0 3c  (442819c6 43d0a000 3e3c0000 3cf00000 ) (672.40 417.25 0.18 0.03 )
c6 19 27 44 00 a0 d7 43 00 00 34 3e 00 00 68 3d  (442719c6 43d7a000 3e340000 3d680000 ) (668.40 431.25 0.18 0.06 )
c6 19 28 44 00 a0 d7 43 00 00 3c 3e 00 00 68 3d  (442819c6 43d7a000 3e3c0000 3d680000 ) (672.40 431.25 0.18 0.06 )
2d 4e 28 44 00 e0 d1 43 00 00 e0 3d 00 00 f0 3c  (44284e2d 43d1e000 3de00000 3cf00000 ) (673.22 419.75 0.11 0.03 )
2d 4e 2a 44 00 e0 d1 43 00 00 00 3e 00 00 f0 3c  (442a4e2d 43d1e000 3e000000 3cf00000 ) (681.22 419.75 0.12 0.03 )
2d 4e 28 44 00 60 d6 43 00 00 e0 3d 00 00 40 3d  (44284e2d 43d66000 3de00000 3d400000 ) (673.22 428.75 0.11 0.05 )
2d 4e 2a 44 00 60 d6 43 00 00 00 3e 00 00 40 3d  (442a4e2d 43d66000 3e000000 3d400000 ) (681.22 428.75 0.12 0.05 )
62 6b 2a 44 00 e0 d1 43 00 00 a2 3d 00 00 f0 3c  (442a6b62 43d1e000 3da20000 3cf00000 ) (681.68 419.75 0.08 0.03 )
62 2b 2c 44 00 e0 d1 43 00 00 be 3d 00 00 f0 3c  (442c2b62 43d1e000 3dbe0000 3cf00000 ) (688.68 419.75 0.09 0.03 )
62 6b 2a 44 00 60 d6 43 00 00 a2 3d 00 00 40 3d  (442a6b62 43d66000 3da20000 3d400000 ) (681.68 428.75 0.08 0.05 )
62 2b 2c 44 00 60 d6 43 00 00 be 3d 00 00 40 3d  (442c2b62 43d66000 3dbe0000 3d400000 ) (688.68 428.75 0.09 0.05 )
09 2f 2c 44 00 e0 d0 43 00 80 a3 3e 00 00 f0 3c  (442c2f09 43d0e000 3ea38000 3cf00000 ) (688.73 417.75 0.32 0.03 )
09 af 2d 44 00 e0 d0 43 00 80 a9 3e 00 00 f0 3c  (442daf09 43d0e000 3ea98000 3cf00000 ) (694.73 417.75 0.33 0.03 )
09 2f 2c 44 00 20 d6 43 00 80 a3 3e 00 00 4c 3d  (442c2f09 43d62000 3ea38000 3d4c0000 ) (688.73 428.25 0.32 0.05 )
09 af 2d 44 00 20 d6 43 00 80 a9 3e 00 00 4c 3d  (442daf09 43d62000 3ea98000 3d4c0000 ) (694.73 428.25 0.33 0.05 )
f3 87 2d 44 00 e0 d5 43 00 00 90 3c 00 00 80 3a  (442d87f3 43d5e000 3c900000 3a800000 ) (694.12 427.75 0.02 0.00 )
f3 a7 2d 44 00 e0 d5 43 00 00 98 3c 00 00 80 3a  (442da7f3 43d5e000 3c980000 3a800000 ) (694.62 427.75 0.02 0.00 )
f3 87 2d 44 00 20 d6 43 00 00 90 3c 00 00 00 3b  (442d87f3 43d62000 3c900000 3b000000 ) (694.12 428.25 0.02 0.00 )
f3 a7 2d 44 00 20 d6 43 00 00 98 3c 00 00 00 3b  (442da7f3 43d62000 3c980000 3b000000 ) (694.62 428.25 0.02 0.00 )
92 bf 2e 44 00 a0 d0 43 00 00 56 3e 00 00 80 3a  (442ebf92 43d0a000 3e560000 3a800000 ) (698.99 417.25 0.21 0.00 )
92 bf 30 44 00 a0 d0 43 00 00 66 3e 00 00 80 3a  (4430bf92 43d0a000 3e660000 3a800000 ) (706.99 417.25 0.22 0.00 )
92 bf 2e 44 00 60 d6 43 00 00 56 3e 00 00 c0 3c  (442ebf92 43d66000 3e560000 3cc00000 ) (698.99 428.75 0.21 0.02 )
92 bf 30 44 00 60 d6 43 00 00 66 3e 00 00 c0 3c  (4430bf92 43d66000 3e660000 3cc00000 ) (706.99 428.75 0.22 0.02 )
40 cf 30 44 00 e0 d5 43 00 00 90 3c 00 00 80 3a  (4430cf40 43d5e000 3c900000 3a800000 ) (707.24 427.75 0.02 0.00 )
40 ef 30 44 00 e0 d5 43 00 00 98 3c 00 00 80 3a  (4430ef40 43d5e000 3c980000 3a800000 ) (707.74 427.75 0.02 0.00 )
40 cf 30 44 00 20 d6 43 00 00 90 3c 00 00 00 3b  (4430cf40 43d62000 3c900000 3b000000 ) (707.24 428.25 0.02 0.00 )
40 ef 30 44 00 20 d6 43 00 00 98 3c 00 00 00 3b  (4430ef40 43d62000 3c980000 3b000000 ) (707.74 428.25 0.02 0.00 )
e0 06 32 44 00 e0 d1 43 00 00 7c 3e 00 00 f0 3c  (443206e0 43d1e000 3e7c0000 3cf00000 ) (712.11 419.75 0.25 0.03 )
e0 06 34 44 00 e0 d1 43 00 00 86 3e 00 00 f0 3c  (443406e0 43d1e000 3e860000 3cf00000 ) (720.11 419.75 0.26 0.03 )
e0 06 32 44 00 60 d6 43 00 00 7c 3e 00 00 40 3d  (443206e0 43d66000 3e7c0000 3d400000 ) (712.11 428.75 0.25 0.05 )
e0 06 34 44 00 60 d6 43 00 00 86 3e 00 00 40 3d  (443406e0 43d66000 3e860000 3d400000 ) (720.11 428.75 0.26 0.05 )
13 01 34 44 00 a0 d0 43 00 00 01 3e 00 00 f0 3c  (44340113 43d0a000 3e010000 3cf00000 ) (720.02 417.25 0.13 0.03 )
13 81 35 44 00 a0 d0 43 00 00 0d 3e 00 00 f0 3c  (44358113 43d0a000 3e0d0000 3cf00000 ) (726.02 417.25 0.14 0.03 )
13 01 34 44 00 20 d6 43 00 00 01 3e 00 00 50 3d  (44340113 43d62000 3e010000 3d500000 ) (720.02 428.25 0.13 0.05 )
13 81 35 44 00 20 d6 43 00 00 0d 3e 00 00 50 3d  (44358113 43d62000 3e0d0000 3d500000 ) (726.02 428.25 0.14 0.05 )
c4 36 35 44 00 e0 d5 43 00 00 90 3c 00 00 80 3a  (443536c4 43d5e000 3c900000 3a800000 ) (724.86 427.75 0.02 0.00 )
c4 56 35 44 00 e0 d5 43 00 00 98 3c 00 00 80 3a  (443556c4 43d5e000 3c980000 3a800000 ) (725.36 427.75 0.02 0.00 )
c4 36 35 44 00 20 d6 43 00 00 90 3c 00 00 00 3b  (443536c4 43d62000 3c900000 3b000000 ) (724.86 428.25 0.02 0.00 )
c4 56 35 44 00 20 d6 43 00 00 98 3c 00 00 00 3b  (443556c4 43d62000 3c980000 3b000000 ) (725.36 428.25 0.02 0.00 )
64 8e 36 44 00 a0 d0 43 00 00 75 3e 00 00 80 3a  (44368e64 43d0a000 3e750000 3a800000 ) (730.22 417.25 0.24 0.00 )
64 4e 38 44 00 a0 d0 43 00 80 81 3e 00 00 80 3a  (44384e64 43d0a000 3e818000 3a800000 ) (737.22 417.25 0.25 0.00 )
64 8e 36 44 00 20 d6 43 00 00 75 3e 00 00 b8 3c  (44368e64 43d62000 3e750000 3cb80000 ) (730.22 428.25 0.24 0.02 )
64 4e 38 44 00 20 d6 43 00 80 81 3e 00 00 b8 3c  (44384e64 43d62000 3e818000 3cb80000 ) (737.22 428.25 0.25 0.02 )
12 be 38 44 00 a0 d0 43 00 00 a3 3e 00 00 80 3a  (4438be12 43d0a000 3ea30000 3a800000 ) (738.97 417.25 0.32 0.00 )
12 9e 3a 44 00 a0 d0 43 00 80 aa 3e 00 00 80 3a  (443a9e12 43d0a000 3eaa8000 3a800000 ) (746.47 417.25 0.33 0.00 )
12 be 38 44 00 20 d6 43 00 00 a3 3e 00 00 b8 3c  (4438be12 43d62000 3ea30000 3cb80000 ) (738.97 428.25 0.32 0.02 )
12 9e 3a 44 00 20 d6 43 00 80 aa 3e 00 00 b8 3c  (443a9e12 43d62000 3eaa8000 3cb80000 ) (746.47 428.25 0.33 0.02 )
**********glBindVertexArray 2***********
